
[2024-11-08 11:55:30,908: INFO: app]: Page layout set to wider configuration.
[2024-11-08 11:55:30,915: INFO: app]: Custom theme applied to Streamlit app.
[2024-11-08 11:55:30,917: INFO: app]: ID card type selected: PAN
[2024-11-08 11:55:30,918: INFO: app]: Header set for PAN Card registration.
[2024-11-08 11:55:30,920: INFO: preprocess]: Error reading image: 'NoneType' object has no attribute 'read'
[2024-11-08 11:55:30,921: INFO: app]: Face image loaded.
[2024-11-08 11:55:30,922: ERROR: app]: No face image uploaded.
[2024-11-08 11:55:35,263: INFO: app]: Page layout set to wider configuration.
[2024-11-08 11:55:35,264: INFO: app]: Custom theme applied to Streamlit app.
[2024-11-08 11:55:35,267: INFO: app]: ID card type selected: PAN
[2024-11-08 11:55:35,268: INFO: app]: Header set for PAN Card registration.
[2024-11-08 11:55:35,309: INFO: app]: Face image loaded.
[2024-11-08 11:55:35,331: INFO: app]: ID card image loaded.
[2024-11-08 11:55:35,335: INFO: preprocess]: contours are found at, (0, 0, 1163, 723)
[2024-11-08 11:55:35,335: INFO: utils]: File exists at C:\Users\gulsy\OneDrive\Desktop\E-KYC\E-KYC-\data\02_intermediate_data\contour_id.jpg
[2024-11-08 11:55:35,353: INFO: app]: ID card ROI extracted.
[2024-11-08 11:55:35,353: INFO: face_verification]: Extracting face...
[2024-11-08 11:55:35,718: INFO: face_verification]: Extracted face saved at: C:\Users\gulsy\OneDrive\Desktop\E-KYC\E-KYC-\data\02_intermediate_data\extracted_face.jpg
[2024-11-08 11:55:35,718: INFO: utils]: File exists at data\02_intermediate_data\face_image.jpg
[2024-11-08 11:55:35,775: INFO: preprocess]: Image saved successfully: data\02_intermediate_data\face_image.jpg
[2024-11-08 11:55:35,775: INFO: app]: Faces extracted and saved.
[2024-11-08 11:55:35,775: INFO: face_verification]: Verifying the images....
[2024-11-08 11:55:35,775: INFO: utils]: File exists at data\02_intermediate_data\face_image.jpg
[2024-11-08 11:55:35,775: INFO: utils]: File exists at C:\Users\gulsy\OneDrive\Desktop\E-KYC\E-KYC-\data\02_intermediate_data\extracted_face.jpg
[2024-11-08 11:55:41,914: INFO: face_verification]: Faces are verified as the same person
[2024-11-08 11:55:41,914: INFO: app]: Face verification status: successful.
[2024-11-08 11:55:41,914: INFO: ocr_engine]: Text Extraction Started...
[2024-11-08 11:55:41,914: WARNING: easyocr]: Neither CUDA nor MPS are available - defaulting to CPU. Note: This module is much faster with a GPU.
[2024-11-08 11:55:48,129: INFO: ocr_engine]: Inside Try-Catch...
[2024-11-08 11:55:51,397: INFO: ocr_engine]: Extracted Text: |fetrT|HRT|INCOME TAX DEPARTMENT|GOVT OF INDIA|Permanent Account Number Card|LRIPK7739J|YASH KUMAR KASHYAP|GAURI SHANKAR NISHAD|12022022|Date ol Birth|10/04/2003|
[2024-11-08 11:55:51,399: INFO: app]: Text extracted and information parsed from ID card.
[2024-11-08 11:55:51,402: INFO: sql_connection]: No records found.
[2024-11-08 11:55:51,403: INFO: sql_connection]: No records found.
[2024-11-08 11:55:51,403: INFO: sql_connection]: No duplicate records found.
[2024-11-08 12:14:25,196: INFO: utils]: yaml  file: config.yaml loaded successfully
[2024-11-08 12:14:48,971: WARNING: module_wrapper]: From C:\Users\gulsy\OneDrive\Desktop\E-KYC\E-KYC-\.venv\Lib\site-packages\tf_keras\src\losses.py:2976: The name tf.losses.sparse_softmax_cross_entropy is deprecated. Please use tf.compat.v1.losses.sparse_softmax_cross_entropy instead.

[2024-11-08 12:14:49,725: INFO: utils]: yaml  file: config.yaml loaded successfully
[2024-11-08 12:14:49,740: INFO: face_verification]: Extracting face...
[2024-11-08 12:14:50,420: INFO: face_verification]: Extracted face saved at: C:\Users\gulsy\OneDrive\Desktop\E-KYC\E-KYC-\data\02_intermediate_data\extracted_face.jpg
[2024-11-08 12:14:50,639: INFO: sql_connection]: Connection established with database
[2024-11-08 12:14:51,114: INFO: app]: Page layout set to wider configuration.
[2024-11-08 12:14:51,114: INFO: app]: Custom theme applied to Streamlit app.
[2024-11-08 12:14:51,118: INFO: app]: ID card type selected: PAN
[2024-11-08 12:14:51,119: INFO: app]: Header set for PAN Card registration.
[2024-11-08 12:17:08,267: INFO: utils]: yaml  file: config.yaml loaded successfully
[2024-11-08 12:17:18,355: WARNING: module_wrapper]: From C:\Users\gulsy\OneDrive\Desktop\E-KYC\E-KYC-\.venv\Lib\site-packages\tf_keras\src\losses.py:2976: The name tf.losses.sparse_softmax_cross_entropy is deprecated. Please use tf.compat.v1.losses.sparse_softmax_cross_entropy instead.

[2024-11-08 12:17:19,023: INFO: utils]: yaml  file: config.yaml loaded successfully
[2024-11-08 12:17:19,063: INFO: face_verification]: Extracting face...
[2024-11-08 12:17:19,711: INFO: face_verification]: Extracted face saved at: C:\Users\gulsy\OneDrive\Desktop\E-KYC\E-KYC-\data\02_intermediate_data\extracted_face.jpg
[2024-11-08 12:17:19,769: INFO: sql_connection]: Connection established with database
[2024-11-08 12:17:19,964: INFO: app]: Page layout set to wider configuration.
[2024-11-08 12:17:19,964: INFO: app]: Custom theme applied to Streamlit app.
[2024-11-08 12:17:19,968: INFO: app]: ID card type selected: PAN
[2024-11-08 12:17:19,968: INFO: app]: Header set for PAN Card registration.
[2024-11-08 12:17:25,498: INFO: app]: Page layout set to wider configuration.
[2024-11-08 12:17:25,500: INFO: app]: Custom theme applied to Streamlit app.
[2024-11-08 12:17:25,502: INFO: app]: ID card type selected: PAN
[2024-11-08 12:17:25,503: INFO: app]: Header set for PAN Card registration.
[2024-11-08 12:17:25,505: INFO: preprocess]: Error reading image: 'NoneType' object has no attribute 'read'
[2024-11-08 12:17:25,506: INFO: app]: Face image loaded.
[2024-11-08 12:17:25,506: ERROR: app]: No face image uploaded.
[2024-11-08 12:17:30,695: INFO: app]: Page layout set to wider configuration.
[2024-11-08 12:17:30,695: INFO: app]: Custom theme applied to Streamlit app.
[2024-11-08 12:17:30,702: INFO: app]: ID card type selected: PAN
[2024-11-08 12:17:30,704: INFO: app]: Header set for PAN Card registration.
[2024-11-08 12:17:30,766: INFO: app]: Face image loaded.
[2024-11-08 12:17:30,794: INFO: app]: ID card image loaded.
[2024-11-08 12:17:30,806: INFO: preprocess]: contours are found at, (0, 0, 1163, 723)
[2024-11-08 12:17:30,806: INFO: utils]: File exists at C:\Users\gulsy\OneDrive\Desktop\E-KYC\E-KYC-\data\02_intermediate_data\contour_id.jpg
[2024-11-08 12:17:30,827: INFO: app]: ID card ROI extracted.
[2024-11-08 12:17:30,827: INFO: face_verification]: Extracting face...
[2024-11-08 12:17:31,204: INFO: face_verification]: Extracted face saved at: C:\Users\gulsy\OneDrive\Desktop\E-KYC\E-KYC-\data\02_intermediate_data\extracted_face.jpg
[2024-11-08 12:17:31,221: INFO: utils]: File exists at data\02_intermediate_data\face_image.jpg
[2024-11-08 12:17:31,270: INFO: preprocess]: Image saved successfully: data\02_intermediate_data\face_image.jpg
[2024-11-08 12:17:31,270: INFO: app]: Faces extracted and saved.
[2024-11-08 12:17:31,270: INFO: face_verification]: Verifying the images....
[2024-11-08 12:17:31,270: INFO: utils]: File exists at data\02_intermediate_data\face_image.jpg
[2024-11-08 12:17:31,270: INFO: utils]: File exists at C:\Users\gulsy\OneDrive\Desktop\E-KYC\E-KYC-\data\02_intermediate_data\extracted_face.jpg
[2024-11-08 12:17:37,608: INFO: face_verification]: Faces are verified as the same person
[2024-11-08 12:17:37,608: INFO: app]: Face verification status: successful.
[2024-11-08 12:17:37,608: INFO: ocr_engine]: Text Extraction Started...
[2024-11-08 12:17:37,608: WARNING: easyocr]: Neither CUDA nor MPS are available - defaulting to CPU. Note: This module is much faster with a GPU.
[2024-11-08 12:17:41,778: INFO: ocr_engine]: Inside Try-Catch...
[2024-11-08 12:17:51,006: INFO: ocr_engine]: Extracted Text: |fetrT|HRT|INCOME TAX DEPARTMENT|GOVT OF INDIA|Permanent Account Number Card|LRIPK7739J|YASH KUMAR KASHYAP|GAURI SHANKAR NISHAD|12022022|Date ol Birth|10/04/2003|
[2024-11-08 12:17:51,007: INFO: app]: Text extracted and information parsed from ID card.
[2024-11-08 12:17:51,007: INFO: sql_connection]: No records found.
[2024-11-08 12:17:51,007: INFO: sql_connection]: No records found.
[2024-11-08 12:17:51,007: INFO: sql_connection]: No duplicate records found.
[2024-11-08 12:20:31,296: INFO: utils]: yaml  file: config.yaml loaded successfully
[2024-11-08 12:20:31,303: INFO: utils]: yaml  file: config.yaml loaded successfully
[2024-11-08 12:20:31,361: INFO: face_verification]: Extracting face...
[2024-11-08 12:20:31,983: INFO: face_verification]: Extracted face saved at: C:\Users\gulsy\OneDrive\Desktop\E-KYC\E-KYC-\data\02_intermediate_data\extracted_face.jpg
[2024-11-08 12:20:32,018: INFO: sql_connection]: Connection established with database
[2024-11-08 12:20:32,023: INFO: app]: Page layout set to wider configuration.
[2024-11-08 12:20:32,024: INFO: app]: Custom theme applied to Streamlit app.
[2024-11-08 12:20:32,028: INFO: app]: ID card type selected: PAN
[2024-11-08 12:20:32,030: INFO: app]: Header set for PAN Card registration.
[2024-11-08 12:20:32,081: INFO: app]: Face image loaded.
[2024-11-08 12:20:32,122: INFO: app]: ID card image loaded.
[2024-11-08 12:20:32,142: INFO: preprocess]: contours are found at, (0, 0, 1203, 1593)
[2024-11-08 12:20:32,142: INFO: utils]: File exists at C:\Users\gulsy\OneDrive\Desktop\E-KYC\E-KYC-\data\02_intermediate_data\contour_id.jpg
[2024-11-08 12:20:32,191: INFO: app]: ID card ROI extracted.
[2024-11-08 12:20:32,191: INFO: face_verification]: Extracting face...
[2024-11-08 12:20:32,765: INFO: face_verification]: Extracted face saved at: C:\Users\gulsy\OneDrive\Desktop\E-KYC\E-KYC-\data\02_intermediate_data\extracted_face.jpg
[2024-11-08 12:20:32,783: INFO: utils]: File exists at data\02_intermediate_data\face_image.jpg
[2024-11-08 12:20:32,835: INFO: preprocess]: Image saved successfully: data\02_intermediate_data\face_image.jpg
[2024-11-08 12:20:32,835: INFO: app]: Faces extracted and saved.
[2024-11-08 12:20:32,835: INFO: face_verification]: Verifying the images....
[2024-11-08 12:20:32,835: INFO: utils]: File exists at data\02_intermediate_data\face_image.jpg
[2024-11-08 12:20:32,835: INFO: utils]: File exists at C:\Users\gulsy\OneDrive\Desktop\E-KYC\E-KYC-\data\02_intermediate_data\extracted_face.jpg
[2024-11-08 12:20:35,802: INFO: app]: Page layout set to wider configuration.
[2024-11-08 12:20:35,803: INFO: app]: Custom theme applied to Streamlit app.
[2024-11-08 12:20:35,806: INFO: app]: ID card type selected: PAN
[2024-11-08 12:20:35,807: INFO: app]: Header set for PAN Card registration.
[2024-11-08 12:20:35,861: INFO: app]: Face image loaded.
[2024-11-08 12:20:35,896: INFO: app]: ID card image loaded.
[2024-11-08 12:20:35,911: INFO: preprocess]: contours are found at, (0, 0, 1203, 1593)
[2024-11-08 12:20:35,911: INFO: utils]: File exists at C:\Users\gulsy\OneDrive\Desktop\E-KYC\E-KYC-\data\02_intermediate_data\contour_id.jpg
[2024-11-08 12:20:35,958: INFO: app]: ID card ROI extracted.
[2024-11-08 12:20:35,958: INFO: face_verification]: Extracting face...
[2024-11-08 12:20:37,402: INFO: face_verification]: Extracted face saved at: C:\Users\gulsy\OneDrive\Desktop\E-KYC\E-KYC-\data\02_intermediate_data\extracted_face.jpg
[2024-11-08 12:20:37,417: INFO: utils]: File exists at data\02_intermediate_data\face_image.jpg
[2024-11-08 12:20:37,522: INFO: preprocess]: Image saved successfully: data\02_intermediate_data\face_image.jpg
[2024-11-08 12:20:37,522: INFO: app]: Faces extracted and saved.
[2024-11-08 12:20:37,522: INFO: face_verification]: Verifying the images....
[2024-11-08 12:20:37,522: INFO: utils]: File exists at data\02_intermediate_data\face_image.jpg
[2024-11-08 12:20:37,522: INFO: utils]: File exists at C:\Users\gulsy\OneDrive\Desktop\E-KYC\E-KYC-\data\02_intermediate_data\extracted_face.jpg
[2024-11-08 12:20:37,610: INFO: face_verification]: Faces are verified as the same person
[2024-11-08 12:20:37,610: INFO: app]: Face verification status: successful.
[2024-11-08 12:20:37,610: INFO: ocr_engine]: Text Extraction Started...
[2024-11-08 12:20:37,610: WARNING: easyocr]: Neither CUDA nor MPS are available - defaulting to CPU. Note: This module is much faster with a GPU.
[2024-11-08 12:20:41,943: INFO: face_verification]: Faces are verified as the same person
[2024-11-08 12:20:41,943: INFO: app]: Face verification status: successful.
[2024-11-08 12:20:41,943: INFO: ocr_engine]: Text Extraction Started...
[2024-11-08 12:20:41,943: WARNING: easyocr]: Neither CUDA nor MPS are available - defaulting to CPU. Note: This module is much faster with a GPU.
[2024-11-08 12:20:42,745: INFO: app]: Page layout set to wider configuration.
[2024-11-08 12:20:42,746: INFO: app]: Custom theme applied to Streamlit app.
[2024-11-08 12:20:42,748: INFO: app]: ID card type selected: PAN
[2024-11-08 12:20:42,749: INFO: app]: Header set for PAN Card registration.
[2024-11-08 12:20:42,774: INFO: app]: Face image loaded.
[2024-11-08 12:20:42,805: INFO: app]: ID card image loaded.
[2024-11-08 12:20:42,816: INFO: preprocess]: contours are found at, (0, 0, 1163, 723)
[2024-11-08 12:20:42,816: INFO: utils]: File exists at C:\Users\gulsy\OneDrive\Desktop\E-KYC\E-KYC-\data\02_intermediate_data\contour_id.jpg
[2024-11-08 12:20:42,843: INFO: app]: ID card ROI extracted.
[2024-11-08 12:20:42,843: INFO: face_verification]: Extracting face...
[2024-11-08 12:20:43,190: INFO: face_verification]: Extracted face saved at: C:\Users\gulsy\OneDrive\Desktop\E-KYC\E-KYC-\data\02_intermediate_data\extracted_face.jpg
[2024-11-08 12:20:43,195: INFO: utils]: File exists at data\02_intermediate_data\face_image.jpg
[2024-11-08 12:20:43,241: INFO: preprocess]: Image saved successfully: data\02_intermediate_data\face_image.jpg
[2024-11-08 12:20:43,241: INFO: app]: Faces extracted and saved.
[2024-11-08 12:20:43,242: INFO: face_verification]: Verifying the images....
[2024-11-08 12:20:43,242: INFO: utils]: File exists at data\02_intermediate_data\face_image.jpg
[2024-11-08 12:20:43,242: INFO: utils]: File exists at C:\Users\gulsy\OneDrive\Desktop\E-KYC\E-KYC-\data\02_intermediate_data\extracted_face.jpg
[2024-11-08 12:20:46,471: INFO: face_verification]: Faces are verified as the same person
[2024-11-08 12:20:46,471: INFO: app]: Face verification status: successful.
[2024-11-08 12:20:46,471: INFO: ocr_engine]: Text Extraction Started...
[2024-11-08 12:20:46,487: WARNING: easyocr]: Neither CUDA nor MPS are available - defaulting to CPU. Note: This module is much faster with a GPU.
[2024-11-08 12:20:49,645: INFO: app]: Page layout set to wider configuration.
[2024-11-08 12:20:49,653: INFO: app]: Custom theme applied to Streamlit app.
[2024-11-08 12:20:49,658: INFO: app]: ID card type selected: PAN
[2024-11-08 12:20:49,659: INFO: app]: Header set for PAN Card registration.
[2024-11-08 12:20:49,700: INFO: app]: Face image loaded.
[2024-11-08 12:20:49,720: INFO: app]: ID card image loaded.
[2024-11-08 12:20:49,731: INFO: preprocess]: contours are found at, (0, 0, 1163, 723)
[2024-11-08 12:20:49,731: INFO: utils]: File exists at C:\Users\gulsy\OneDrive\Desktop\E-KYC\E-KYC-\data\02_intermediate_data\contour_id.jpg
[2024-11-08 12:20:49,748: INFO: app]: ID card ROI extracted.
[2024-11-08 12:20:49,748: INFO: face_verification]: Extracting face...
[2024-11-08 12:20:50,123: INFO: face_verification]: Extracted face saved at: C:\Users\gulsy\OneDrive\Desktop\E-KYC\E-KYC-\data\02_intermediate_data\extracted_face.jpg
[2024-11-08 12:20:50,123: INFO: utils]: File exists at data\02_intermediate_data\face_image.jpg
[2024-11-08 12:20:50,174: INFO: preprocess]: Image saved successfully: data\02_intermediate_data\face_image.jpg
[2024-11-08 12:20:50,174: INFO: app]: Faces extracted and saved.
[2024-11-08 12:20:50,175: INFO: face_verification]: Verifying the images....
[2024-11-08 12:20:50,175: INFO: utils]: File exists at data\02_intermediate_data\face_image.jpg
[2024-11-08 12:20:50,175: INFO: utils]: File exists at C:\Users\gulsy\OneDrive\Desktop\E-KYC\E-KYC-\data\02_intermediate_data\extracted_face.jpg
[2024-11-08 12:20:53,586: INFO: face_verification]: Faces are verified as the same person
[2024-11-08 12:20:53,586: INFO: app]: Face verification status: successful.
[2024-11-08 12:20:53,586: INFO: ocr_engine]: Text Extraction Started...
[2024-11-08 12:20:53,586: WARNING: easyocr]: Neither CUDA nor MPS are available - defaulting to CPU. Note: This module is much faster with a GPU.
[2024-11-08 12:20:54,021: INFO: ocr_engine]: Inside Try-Catch...
[2024-11-08 12:20:57,519: INFO: ocr_engine]: Inside Try-Catch...
[2024-11-08 12:21:03,442: INFO: ocr_engine]: Inside Try-Catch...
[2024-11-08 12:21:04,263: INFO: ocr_engine]: Inside Try-Catch...
[2024-11-08 12:21:11,550: INFO: ocr_engine]: Extracted Text: |
[2024-11-08 12:21:11,550: INFO: app]: Text extracted and information parsed from ID card.
[2024-11-08 12:21:11,565: INFO: sql_connection]: No records found.
[2024-11-08 12:21:11,565: INFO: sql_connection]: No records found.
[2024-11-08 12:21:11,565: INFO: sql_connection]: No duplicate records found.
[2024-11-08 12:21:12,480: INFO: ocr_engine]: Extracted Text: |
[2024-11-08 12:21:12,480: INFO: app]: Text extracted and information parsed from ID card.
[2024-11-08 12:21:12,480: INFO: sql_connection]: No records found.
[2024-11-08 12:21:12,480: INFO: sql_connection]: No records found.
[2024-11-08 12:21:12,480: INFO: sql_connection]: No duplicate records found.
[2024-11-08 12:21:12,974: INFO: ocr_engine]: Extracted Text: |fetrT|HRT|INCOME TAX DEPARTMENT|GOVT OF INDIA|Permanent Account Number Card|LRIPK7739J|YASH KUMAR KASHYAP|GAURI SHANKAR NISHAD|12022022|Date ol Birth|10/04/2003|
[2024-11-08 12:21:12,974: INFO: app]: Text extracted and information parsed from ID card.
[2024-11-08 12:21:12,974: INFO: sql_connection]: No records found.
[2024-11-08 12:21:12,974: INFO: sql_connection]: No records found.
[2024-11-08 12:21:12,974: INFO: sql_connection]: No duplicate records found.
[2024-11-08 12:21:13,573: INFO: ocr_engine]: Extracted Text: |fetrT|HRT|INCOME TAX DEPARTMENT|GOVT OF INDIA|Permanent Account Number Card|LRIPK7739J|YASH KUMAR KASHYAP|GAURI SHANKAR NISHAD|12022022|Date ol Birth|10/04/2003|
[2024-11-08 12:21:13,588: INFO: app]: Text extracted and information parsed from ID card.
[2024-11-08 12:21:13,588: INFO: sql_connection]: No records found.
[2024-11-08 12:21:13,588: INFO: sql_connection]: No records found.
[2024-11-08 12:21:13,588: INFO: sql_connection]: No duplicate records found.
[2024-11-08 12:25:16,088: INFO: utils]: yaml  file: config.yaml loaded successfully
[2024-11-08 12:25:16,096: INFO: utils]: yaml  file: config.yaml loaded successfully
[2024-11-08 12:25:16,151: INFO: face_verification]: Extracting face...
[2024-11-08 12:25:16,749: INFO: face_verification]: Extracted face saved at: C:\Users\gulsy\OneDrive\Desktop\E-KYC\E-KYC-\data\02_intermediate_data\extracted_face.jpg
[2024-11-08 12:25:16,784: INFO: sql_connection]: Connection established with database
[2024-11-08 12:25:16,794: INFO: app]: Page layout set to wider configuration.
[2024-11-08 12:25:16,796: INFO: app]: Custom theme applied to Streamlit app.
[2024-11-08 12:25:16,800: INFO: app]: ID card type selected: PAN
[2024-11-08 12:25:16,801: INFO: app]: Header set for PAN Card registration.
[2024-11-08 12:25:16,868: INFO: app]: Face image loaded.
[2024-11-08 12:25:16,900: INFO: app]: ID card image loaded.
[2024-11-08 12:25:16,908: INFO: preprocess]: contours are found at, (0, 0, 1163, 723)
[2024-11-08 12:25:16,908: INFO: utils]: File exists at C:\Users\gulsy\OneDrive\Desktop\E-KYC\E-KYC-\data\02_intermediate_data\contour_id.jpg
[2024-11-08 12:25:16,935: INFO: app]: ID card ROI extracted.
[2024-11-08 12:25:16,935: INFO: face_verification]: Extracting face...
[2024-11-08 12:25:17,302: INFO: face_verification]: Extracted face saved at: C:\Users\gulsy\OneDrive\Desktop\E-KYC\E-KYC-\data\02_intermediate_data\extracted_face.jpg
[2024-11-08 12:25:17,309: INFO: utils]: File exists at data\02_intermediate_data\face_image.jpg
[2024-11-08 12:25:17,378: INFO: preprocess]: Image saved successfully: data\02_intermediate_data\face_image.jpg
[2024-11-08 12:25:17,378: INFO: app]: Faces extracted and saved.
[2024-11-08 12:25:17,378: INFO: face_verification]: Verifying the images....
[2024-11-08 12:25:17,378: INFO: utils]: File exists at data\02_intermediate_data\face_image.jpg
[2024-11-08 12:25:17,378: INFO: utils]: File exists at C:\Users\gulsy\OneDrive\Desktop\E-KYC\E-KYC-\data\02_intermediate_data\extracted_face.jpg
[2024-11-08 12:25:20,446: INFO: face_verification]: Faces are verified as the same person
[2024-11-08 12:25:20,446: INFO: app]: Face verification status: successful.
[2024-11-08 12:25:20,446: INFO: ocr_engine]: Text Extraction Started...
[2024-11-08 12:25:20,446: WARNING: easyocr]: Neither CUDA nor MPS are available - defaulting to CPU. Note: This module is much faster with a GPU.
[2024-11-08 12:25:20,635: INFO: app]: Page layout set to wider configuration.
[2024-11-08 12:25:20,636: INFO: app]: Custom theme applied to Streamlit app.
[2024-11-08 12:25:20,640: INFO: app]: ID card type selected: PAN
[2024-11-08 12:25:20,641: INFO: app]: Header set for PAN Card registration.
[2024-11-08 12:25:20,698: INFO: app]: Face image loaded.
[2024-11-08 12:25:20,722: INFO: app]: ID card image loaded.
[2024-11-08 12:25:20,730: INFO: preprocess]: contours are found at, (0, 0, 1163, 723)
[2024-11-08 12:25:20,732: INFO: utils]: File exists at C:\Users\gulsy\OneDrive\Desktop\E-KYC\E-KYC-\data\02_intermediate_data\contour_id.jpg
[2024-11-08 12:25:20,754: INFO: app]: ID card ROI extracted.
[2024-11-08 12:25:20,755: INFO: face_verification]: Extracting face...
[2024-11-08 12:25:21,103: INFO: face_verification]: Extracted face saved at: C:\Users\gulsy\OneDrive\Desktop\E-KYC\E-KYC-\data\02_intermediate_data\extracted_face.jpg
[2024-11-08 12:25:21,107: INFO: utils]: File exists at data\02_intermediate_data\face_image.jpg
[2024-11-08 12:25:21,152: INFO: preprocess]: Image saved successfully: data\02_intermediate_data\face_image.jpg
[2024-11-08 12:25:21,152: INFO: app]: Faces extracted and saved.
[2024-11-08 12:25:21,152: INFO: face_verification]: Verifying the images....
[2024-11-08 12:25:21,152: INFO: utils]: File exists at data\02_intermediate_data\face_image.jpg
[2024-11-08 12:25:21,152: INFO: utils]: File exists at C:\Users\gulsy\OneDrive\Desktop\E-KYC\E-KYC-\data\02_intermediate_data\extracted_face.jpg
[2024-11-08 12:25:24,255: INFO: face_verification]: Faces are verified as the same person
[2024-11-08 12:25:24,255: INFO: app]: Face verification status: successful.
[2024-11-08 12:25:24,255: INFO: ocr_engine]: Text Extraction Started...
[2024-11-08 12:25:24,255: WARNING: easyocr]: Neither CUDA nor MPS are available - defaulting to CPU. Note: This module is much faster with a GPU.
[2024-11-08 12:25:29,680: INFO: ocr_engine]: Inside Try-Catch...
[2024-11-08 12:25:29,975: INFO: ocr_engine]: Inside Try-Catch...
[2024-11-08 12:25:38,160: INFO: ocr_engine]: Extracted Text: |fetrT|HRT|INCOME TAX DEPARTMENT|GOVT OF INDIA|Permanent Account Number Card|LRIPK7739J|YASH KUMAR KASHYAP|GAURI SHANKAR NISHAD|12022022|Date ol Birth|10/04/2003|
[2024-11-08 12:25:38,160: INFO: app]: Text extracted and information parsed from ID card.
[2024-11-08 12:25:38,174: INFO: sql_connection]: No records found.
[2024-11-08 12:25:38,174: INFO: sql_connection]: No records found.
[2024-11-08 12:25:38,174: INFO: sql_connection]: No duplicate records found.
[2024-11-08 12:25:38,414: INFO: ocr_engine]: Extracted Text: |fetrT|HRT|INCOME TAX DEPARTMENT|GOVT OF INDIA|Permanent Account Number Card|LRIPK7739J|YASH KUMAR KASHYAP|GAURI SHANKAR NISHAD|12022022|Date ol Birth|10/04/2003|
[2024-11-08 12:25:38,414: INFO: app]: Text extracted and information parsed from ID card.
[2024-11-08 12:25:38,430: INFO: sql_connection]: No records found.
[2024-11-08 12:25:38,430: INFO: sql_connection]: No records found.
[2024-11-08 12:25:38,430: INFO: sql_connection]: No duplicate records found.
[2024-11-08 12:29:09,846: INFO: utils]: yaml  file: config.yaml loaded successfully
[2024-11-08 12:29:09,862: INFO: utils]: yaml  file: config.yaml loaded successfully
[2024-11-08 12:29:09,893: INFO: face_verification]: Extracting face...
[2024-11-08 12:29:10,124: INFO: face_verification]: Extracted face saved at: C:\Users\gulsy\OneDrive\Desktop\E-KYC\E-KYC-\data\02_intermediate_data\extracted_face.jpg
[2024-11-08 12:29:10,140: INFO: sql_connection]: Connection established with database
[2024-11-08 12:29:10,148: INFO: app]: Page layout set to wider configuration.
[2024-11-08 12:29:10,148: INFO: app]: Custom theme applied to Streamlit app.
[2024-11-08 12:29:10,150: INFO: app]: ID card type selected: PAN
[2024-11-08 12:29:10,150: INFO: app]: Header set for PAN Card registration.
[2024-11-08 12:29:20,798: INFO: app]: Page layout set to wider configuration.
[2024-11-08 12:29:20,799: INFO: app]: Custom theme applied to Streamlit app.
[2024-11-08 12:29:20,800: INFO: app]: ID card type selected: PAN
[2024-11-08 12:29:20,802: INFO: app]: Header set for PAN Card registration.
[2024-11-08 12:29:20,806: INFO: preprocess]: Error reading image: 'NoneType' object has no attribute 'read'
[2024-11-08 12:29:20,807: INFO: app]: Face image loaded.
[2024-11-08 12:29:20,808: ERROR: app]: No face image uploaded.
[2024-11-08 12:29:25,559: INFO: app]: Page layout set to wider configuration.
[2024-11-08 12:29:25,560: INFO: app]: Custom theme applied to Streamlit app.
[2024-11-08 12:29:25,562: INFO: app]: ID card type selected: PAN
[2024-11-08 12:29:25,563: INFO: app]: Header set for PAN Card registration.
[2024-11-08 12:29:25,601: INFO: app]: Face image loaded.
[2024-11-08 12:29:25,624: INFO: app]: ID card image loaded.
[2024-11-08 12:29:25,638: INFO: preprocess]: contours are found at, (0, 0, 1163, 723)
[2024-11-08 12:29:25,639: INFO: utils]: File exists at C:\Users\gulsy\OneDrive\Desktop\E-KYC\E-KYC-\data\02_intermediate_data\contour_id.jpg
[2024-11-08 12:29:25,659: INFO: app]: ID card ROI extracted.
[2024-11-08 12:29:25,659: INFO: face_verification]: Extracting face...
[2024-11-08 12:29:26,011: INFO: face_verification]: Extracted face saved at: C:\Users\gulsy\OneDrive\Desktop\E-KYC\E-KYC-\data\02_intermediate_data\extracted_face.jpg
[2024-11-08 12:29:26,025: INFO: utils]: File exists at data\02_intermediate_data\face_image.jpg
[2024-11-08 12:29:26,074: INFO: preprocess]: Image saved successfully: data\02_intermediate_data\face_image.jpg
[2024-11-08 12:29:26,074: INFO: app]: Faces extracted and saved.
[2024-11-08 12:29:26,074: INFO: face_verification]: Verifying the images....
[2024-11-08 12:29:26,075: INFO: utils]: File exists at data\02_intermediate_data\face_image.jpg
[2024-11-08 12:29:26,075: INFO: utils]: File exists at C:\Users\gulsy\OneDrive\Desktop\E-KYC\E-KYC-\data\02_intermediate_data\extracted_face.jpg
[2024-11-08 12:29:29,297: INFO: face_verification]: Faces are verified as the same person
[2024-11-08 12:29:29,297: INFO: app]: Face verification status: successful.
[2024-11-08 12:29:29,297: INFO: ocr_engine]: Text Extraction Started...
[2024-11-08 12:29:29,312: WARNING: easyocr]: Neither CUDA nor MPS are available - defaulting to CPU. Note: This module is much faster with a GPU.
[2024-11-08 12:29:32,763: INFO: ocr_engine]: Inside Try-Catch...
[2024-11-08 12:29:35,891: INFO: ocr_engine]: Extracted Text: |fetrT|HRT|INCOME TAX DEPARTMENT|GOVT OF INDIA|Permanent Account Number Card|LRIPK7739J|YASH KUMAR KASHYAP|GAURI SHANKAR NISHAD|12022022|Date ol Birth|10/04/2003|
[2024-11-08 12:29:35,891: INFO: app]: Text extracted and information parsed from ID card.
[2024-11-08 12:29:35,906: INFO: sql_connection]: No records found.
[2024-11-08 12:29:35,906: INFO: sql_connection]: No records found.
[2024-11-08 12:29:35,906: INFO: sql_connection]: No duplicate records found.
[2024-11-10 11:00:38,636: INFO: utils]: yaml  file: config.yaml loaded successfully
[2024-11-10 11:01:16,681: WARNING: module_wrapper]: From C:\Users\gulsy\OneDrive\Desktop\E-KYC\E-KYC-\.venv\Lib\site-packages\tf_keras\src\losses.py:2976: The name tf.losses.sparse_softmax_cross_entropy is deprecated. Please use tf.compat.v1.losses.sparse_softmax_cross_entropy instead.

[2024-11-10 11:01:18,347: INFO: utils]: yaml  file: config.yaml loaded successfully
[2024-11-10 11:01:18,420: INFO: face_verification]: Extracting face...
[2024-11-10 11:01:20,257: INFO: face_verification]: Extracted face saved at: C:\Users\gulsy\OneDrive\Desktop\E-KYC\E-KYC-\data\02_intermediate_data\extracted_face.jpg
[2024-11-10 11:01:20,668: INFO: sql_connection]: Connection established with database
[2024-11-10 11:01:21,593: INFO: app]: Page layout set to wider configuration.
[2024-11-10 11:01:21,594: INFO: app]: Custom theme applied to Streamlit app.
[2024-11-10 11:01:21,598: INFO: app]: ID card type selected: PAN
[2024-11-10 11:01:21,599: INFO: app]: Header set for PAN Card registration.
[2024-11-10 11:01:28,403: INFO: app]: Page layout set to wider configuration.
[2024-11-10 11:01:28,404: INFO: app]: Custom theme applied to Streamlit app.
[2024-11-10 11:01:28,408: INFO: app]: ID card type selected: AADHAR
[2024-11-10 11:01:28,408: INFO: app]: Header set for Aadhar Card registration.
[2024-11-10 11:01:53,412: INFO: app]: Page layout set to wider configuration.
[2024-11-10 11:01:53,413: INFO: app]: Custom theme applied to Streamlit app.
[2024-11-10 11:01:53,417: INFO: app]: ID card type selected: AADHAR
[2024-11-10 11:01:53,417: INFO: app]: Header set for Aadhar Card registration.
[2024-11-10 11:01:53,420: INFO: preprocess]: Error reading image: 'NoneType' object has no attribute 'read'
[2024-11-10 11:01:53,421: INFO: app]: Face image loaded.
[2024-11-10 11:01:53,423: ERROR: app]: No face image uploaded.
[2024-11-10 11:01:57,624: INFO: app]: Page layout set to wider configuration.
[2024-11-10 11:01:57,625: INFO: app]: Custom theme applied to Streamlit app.
[2024-11-10 11:01:57,629: INFO: app]: ID card type selected: AADHAR
[2024-11-10 11:01:57,629: INFO: app]: Header set for Aadhar Card registration.
[2024-11-10 11:01:57,679: INFO: app]: Face image loaded.
[2024-11-10 11:01:57,712: INFO: app]: ID card image loaded.
[2024-11-10 11:01:57,735: INFO: preprocess]: contours are found at, (0, 0, 1280, 817)
[2024-11-10 11:01:57,736: INFO: utils]: File exists at C:\Users\gulsy\OneDrive\Desktop\E-KYC\E-KYC-\data\02_intermediate_data\contour_id.jpg
[2024-11-10 11:01:57,759: INFO: app]: ID card ROI extracted.
[2024-11-10 11:01:57,759: INFO: face_verification]: Extracting face...
[2024-11-10 11:01:58,045: INFO: face_verification]: Extracted face saved at: C:\Users\gulsy\OneDrive\Desktop\E-KYC\E-KYC-\data\02_intermediate_data\extracted_face.jpg
[2024-11-10 11:01:58,052: INFO: utils]: File exists at data\02_intermediate_data\face_image.jpg
[2024-11-10 11:01:58,104: INFO: preprocess]: Image saved successfully: data\02_intermediate_data\face_image.jpg
[2024-11-10 11:01:58,105: INFO: app]: Faces extracted and saved.
[2024-11-10 11:01:58,105: INFO: face_verification]: Verifying the images....
[2024-11-10 11:01:58,106: INFO: utils]: File exists at data\02_intermediate_data\face_image.jpg
[2024-11-10 11:01:58,106: INFO: utils]: File exists at C:\Users\gulsy\OneDrive\Desktop\E-KYC\E-KYC-\data\02_intermediate_data\extracted_face.jpg
[2024-11-10 11:02:05,298: INFO: face_verification]: Faces are verified as the same person
[2024-11-10 11:02:05,298: INFO: app]: Face verification status: successful.
[2024-11-10 11:02:05,298: INFO: ocr_engine]: Text Extraction Started...
[2024-11-10 11:02:05,299: WARNING: easyocr]: Neither CUDA nor MPS are available - defaulting to CPU. Note: This module is much faster with a GPU.
[2024-11-10 11:02:09,113: INFO: ocr_engine]: Inside Try-Catch...
[2024-11-10 11:02:19,292: INFO: ocr_engine]: Extracted Text: |Government of India|Yash Kumar Kashyap|1|ffu/DOB: 10/04/2003|5q/ MALE|8|4731 3102 3709|VID : 9119 5757 3234 3764|TrT|31rurt ,|TT|98 JTTT|
[2024-11-10 11:02:19,293: INFO: app]: Text extracted and information parsed from ID card.
[2024-11-10 11:02:19,306: INFO: sql_connection]: No records found.
[2024-11-10 11:02:19,310: INFO: sql_connection]: No records found.
[2024-11-10 11:02:19,310: INFO: sql_connection]: No duplicate records found.
[2024-11-10 12:30:00,957: INFO: utils]: yaml  file: config.yaml loaded successfully
[2024-11-10 12:30:09,270: WARNING: module_wrapper]: From C:\Users\gulsy\OneDrive\Desktop\E-KYC\E-KYC-\.venv\Lib\site-packages\tf_keras\src\losses.py:2976: The name tf.losses.sparse_softmax_cross_entropy is deprecated. Please use tf.compat.v1.losses.sparse_softmax_cross_entropy instead.

[2024-11-10 12:30:09,976: INFO: utils]: yaml  file: config.yaml loaded successfully
[2024-11-10 12:30:10,007: INFO: face_verification]: Extracting face...
[2024-11-10 12:30:10,564: INFO: face_verification]: Extracted face saved at: C:\Users\gulsy\OneDrive\Desktop\E-KYC\E-KYC-\data\02_intermediate_data\extracted_face.jpg
[2024-11-10 12:30:10,660: INFO: sql_connection]: Connection established with database
[2024-11-10 12:30:10,887: INFO: app]: Page layout set to wider configuration.
[2024-11-10 12:30:10,887: INFO: app]: Custom theme applied to Streamlit app.
[2024-11-10 12:30:10,891: INFO: app]: ID card type selected: PAN
[2024-11-10 12:30:10,891: INFO: app]: Header set for PAN Card registration.
[2024-11-10 12:31:11,195: INFO: app]: Page layout set to wider configuration.
[2024-11-10 12:31:11,196: INFO: app]: Custom theme applied to Streamlit app.
[2024-11-10 12:31:11,198: INFO: app]: ID card type selected: PAN
[2024-11-10 12:31:11,198: INFO: app]: Header set for PAN Card registration.
[2024-11-10 12:31:17,979: INFO: app]: Page layout set to wider configuration.
[2024-11-10 12:31:17,983: INFO: app]: Custom theme applied to Streamlit app.
[2024-11-10 12:31:17,985: INFO: app]: ID card type selected: PAN
[2024-11-10 12:31:17,986: INFO: app]: Header set for PAN Card registration.
[2024-11-10 12:31:17,988: INFO: preprocess]: Error reading image: 'NoneType' object has no attribute 'read'
[2024-11-10 12:31:17,990: INFO: app]: Face image loaded.
[2024-11-10 12:31:17,991: ERROR: app]: No face image uploaded.
[2024-11-10 12:31:24,659: INFO: app]: Page layout set to wider configuration.
[2024-11-10 12:31:24,660: INFO: app]: Custom theme applied to Streamlit app.
[2024-11-10 12:31:24,663: INFO: app]: ID card type selected: PAN
[2024-11-10 12:31:24,663: INFO: app]: Header set for PAN Card registration.
[2024-11-10 12:31:24,694: INFO: app]: Face image loaded.
[2024-11-10 12:31:24,718: INFO: app]: ID card image loaded.
[2024-11-10 12:31:24,729: INFO: preprocess]: contours are found at, (0, 0, 1163, 723)
[2024-11-10 12:31:24,729: INFO: utils]: File exists at C:\Users\gulsy\OneDrive\Desktop\E-KYC\E-KYC-\data\02_intermediate_data\contour_id.jpg
[2024-11-10 12:31:24,757: INFO: app]: ID card ROI extracted.
[2024-11-10 12:31:24,757: INFO: face_verification]: Extracting face...
[2024-11-10 12:31:26,675: INFO: face_verification]: Extracted face saved at: C:\Users\gulsy\OneDrive\Desktop\E-KYC\E-KYC-\data\02_intermediate_data\extracted_face.jpg
[2024-11-10 12:31:26,732: INFO: utils]: File exists at data\02_intermediate_data\face_image.jpg
[2024-11-10 12:31:26,798: INFO: preprocess]: Image saved successfully: data\02_intermediate_data\face_image.jpg
[2024-11-10 12:31:26,799: INFO: app]: Faces extracted and saved.
[2024-11-10 12:31:26,799: INFO: face_verification]: Verifying the images....
[2024-11-10 12:31:26,799: INFO: utils]: File exists at data\02_intermediate_data\face_image.jpg
[2024-11-10 12:31:26,799: INFO: utils]: File exists at C:\Users\gulsy\OneDrive\Desktop\E-KYC\E-KYC-\data\02_intermediate_data\extracted_face.jpg
[2024-11-10 12:31:34,195: INFO: face_verification]: Faces are verified as the same person
[2024-11-10 12:31:34,195: INFO: app]: Face verification status: successful.
[2024-11-10 12:31:34,195: INFO: ocr_engine]: Text Extraction Started...
[2024-11-10 12:31:34,196: WARNING: easyocr]: Neither CUDA nor MPS are available - defaulting to CPU. Note: This module is much faster with a GPU.
[2024-11-10 12:31:38,320: INFO: ocr_engine]: Inside Try-Catch...
[2024-11-10 12:31:55,420: INFO: ocr_engine]: Extracted Text: |fetrT|HRT|INCOME TAX DEPARTMENT|GOVT OF INDIA|Permanent Account Number Card|LRIPK7739J|YASH KUMAR KASHYAP|GAURI SHANKAR NISHAD|12022022|Date ol Birth|10/04/2003|
[2024-11-10 12:31:55,421: INFO: app]: Text extracted and information parsed from ID card.
[2024-11-10 12:31:55,439: INFO: sql_connection]: No records found.
[2024-11-10 12:31:55,441: INFO: sql_connection]: No records found.
[2024-11-10 12:31:55,442: INFO: sql_connection]: No duplicate records found.
[2024-11-10 12:38:02,985: INFO: utils]: yaml  file: config.yaml loaded successfully
[2024-11-10 12:38:02,990: INFO: utils]: yaml  file: config.yaml loaded successfully
[2024-11-10 12:38:03,037: INFO: face_verification]: Extracting face...
[2024-11-10 12:38:04,994: INFO: face_verification]: Extracted face saved at: C:\Users\gulsy\OneDrive\Desktop\E-KYC\E-KYC-\data\02_intermediate_data\extracted_face.jpg
[2024-11-10 12:38:05,034: INFO: sql_connection]: Connection established with database
[2024-11-10 12:38:05,038: INFO: app]: Page layout set to wider configuration.
[2024-11-10 12:38:05,039: INFO: app]: Custom theme applied to Streamlit app.
[2024-11-10 12:38:05,041: INFO: app]: ID card type selected: PAN
[2024-11-10 12:38:05,042: INFO: app]: Header set for PAN Card registration.
[2024-11-10 12:38:05,070: INFO: app]: Face image loaded.
[2024-11-10 12:38:05,093: INFO: app]: ID card image loaded.
[2024-11-10 12:38:05,101: INFO: preprocess]: contours are found at, (0, 0, 1163, 723)
[2024-11-10 12:38:05,101: INFO: utils]: File exists at C:\Users\gulsy\OneDrive\Desktop\E-KYC\E-KYC-\data\02_intermediate_data\contour_id.jpg
[2024-11-10 12:38:05,128: INFO: app]: ID card ROI extracted.
[2024-11-10 12:38:05,129: INFO: face_verification]: Extracting face...
[2024-11-10 12:38:05,479: INFO: face_verification]: Extracted face saved at: C:\Users\gulsy\OneDrive\Desktop\E-KYC\E-KYC-\data\02_intermediate_data\extracted_face.jpg
[2024-11-10 12:38:05,485: INFO: utils]: File exists at data\02_intermediate_data\face_image.jpg
[2024-11-10 12:38:05,555: INFO: preprocess]: Image saved successfully: data\02_intermediate_data\face_image.jpg
[2024-11-10 12:38:05,555: INFO: app]: Faces extracted and saved.
[2024-11-10 12:38:05,555: INFO: face_verification]: Verifying the images....
[2024-11-10 12:38:05,555: INFO: utils]: File exists at data\02_intermediate_data\face_image.jpg
[2024-11-10 12:38:05,555: INFO: utils]: File exists at C:\Users\gulsy\OneDrive\Desktop\E-KYC\E-KYC-\data\02_intermediate_data\extracted_face.jpg
[2024-11-10 12:38:08,213: INFO: app]: Page layout set to wider configuration.
[2024-11-10 12:38:08,213: INFO: app]: Custom theme applied to Streamlit app.
[2024-11-10 12:38:08,218: INFO: app]: ID card type selected: PAN
[2024-11-10 12:38:08,220: INFO: app]: Header set for PAN Card registration.
[2024-11-10 12:38:08,257: INFO: app]: Face image loaded.
[2024-11-10 12:38:08,429: INFO: app]: ID card image loaded.
[2024-11-10 12:38:08,436: INFO: preprocess]: contours are found at, (0, 0, 1163, 723)
[2024-11-10 12:38:08,436: INFO: utils]: File exists at C:\Users\gulsy\OneDrive\Desktop\E-KYC\E-KYC-\data\02_intermediate_data\contour_id.jpg
[2024-11-10 12:38:08,540: INFO: app]: ID card ROI extracted.
[2024-11-10 12:38:08,541: INFO: face_verification]: Extracting face...
[2024-11-10 12:38:10,624: INFO: face_verification]: Extracted face saved at: C:\Users\gulsy\OneDrive\Desktop\E-KYC\E-KYC-\data\02_intermediate_data\extracted_face.jpg
[2024-11-10 12:38:10,629: INFO: utils]: File exists at data\02_intermediate_data\face_image.jpg
[2024-11-10 12:38:10,844: INFO: preprocess]: Image saved successfully: data\02_intermediate_data\face_image.jpg
[2024-11-10 12:38:10,844: INFO: app]: Faces extracted and saved.
[2024-11-10 12:38:10,844: INFO: face_verification]: Verifying the images....
[2024-11-10 12:38:10,845: INFO: utils]: File exists at data\02_intermediate_data\face_image.jpg
[2024-11-10 12:38:10,845: INFO: utils]: File exists at C:\Users\gulsy\OneDrive\Desktop\E-KYC\E-KYC-\data\02_intermediate_data\extracted_face.jpg
[2024-11-10 12:38:11,738: INFO: face_verification]: Faces are verified as the same person
[2024-11-10 12:38:11,738: INFO: app]: Face verification status: successful.
[2024-11-10 12:38:11,738: INFO: ocr_engine]: Text Extraction Started...
[2024-11-10 12:38:11,739: WARNING: easyocr]: Neither CUDA nor MPS are available - defaulting to CPU. Note: This module is much faster with a GPU.
[2024-11-10 12:38:17,280: INFO: face_verification]: Faces are verified as the same person
[2024-11-10 12:38:17,281: INFO: app]: Face verification status: successful.
[2024-11-10 12:38:17,281: INFO: ocr_engine]: Text Extraction Started...
[2024-11-10 12:38:17,282: WARNING: easyocr]: Neither CUDA nor MPS are available - defaulting to CPU. Note: This module is much faster with a GPU.
[2024-11-10 12:38:23,389: INFO: ocr_engine]: Inside Try-Catch...
[2024-11-10 12:38:23,732: INFO: ocr_engine]: Inside Try-Catch...
[2024-11-10 12:38:53,449: INFO: ocr_engine]: Extracted Text: |fetrT|HRT|INCOME TAX DEPARTMENT|GOVT OF INDIA|Permanent Account Number Card|LRIPK7739J|YASH KUMAR KASHYAP|GAURI SHANKAR NISHAD|12022022|Date ol Birth|10/04/2003|
[2024-11-10 12:38:53,455: INFO: app]: Text extracted and information parsed from ID card.
[2024-11-10 12:38:53,470: INFO: sql_connection]: No records found.
[2024-11-10 12:38:53,472: INFO: sql_connection]: No records found.
[2024-11-10 12:38:53,473: INFO: sql_connection]: No duplicate records found.
[2024-11-10 12:38:53,474: INFO: face_verification]: Retrieving face embeddings from image: data\02_intermediate_data\face_image.jpg
[2024-11-10 12:38:53,475: INFO: utils]: File exists at data\02_intermediate_data\face_image.jpg
[2024-11-10 12:38:53,554: INFO: ocr_engine]: Extracted Text: |fetrT|HRT|INCOME TAX DEPARTMENT|GOVT OF INDIA|Permanent Account Number Card|LRIPK7739J|YASH KUMAR KASHYAP|GAURI SHANKAR NISHAD|12022022|Date ol Birth|10/04/2003|
[2024-11-10 12:38:53,558: INFO: app]: Text extracted and information parsed from ID card.
[2024-11-10 12:38:53,559: INFO: sql_connection]: No records found.
[2024-11-10 12:38:53,560: INFO: sql_connection]: No records found.
[2024-11-10 12:38:53,562: INFO: sql_connection]: No duplicate records found.
[2024-11-10 12:38:53,563: INFO: face_verification]: Retrieving face embeddings from image: data\02_intermediate_data\face_image.jpg
[2024-11-10 12:38:53,565: INFO: utils]: File exists at data\02_intermediate_data\face_image.jpg
[2024-11-10 12:39:04,805: INFO: face_verification]: Face embeddings retrieved successfully
[2024-11-10 12:39:04,838: INFO: sql_connection]: Inserted records successfully into users table.
[2024-11-10 12:39:04,838: INFO: app]: New user record inserted: 6878a41cffdbe1e17a130a421e8a5592e52046159cf6a1284122cb038e36fc55
[2024-11-10 12:39:05,724: INFO: face_verification]: Face embeddings retrieved successfully
[2024-11-10 12:39:05,734: ERROR: sql_connection]: Error inserting records into users table: 1062 (23000): Duplicate entry '6878a41cffdbe1e17a130a421e8a5592e52046159cf6a1284122cb038e36fc55' for key 'users.PRIMARY'
[2024-11-10 12:39:05,734: INFO: app]: New user record inserted: 6878a41cffdbe1e17a130a421e8a5592e52046159cf6a1284122cb038e36fc55
[2024-11-10 12:41:58,601: INFO: app]: Page layout set to wider configuration.
[2024-11-10 12:41:58,602: INFO: app]: Custom theme applied to Streamlit app.
[2024-11-10 12:41:58,604: INFO: app]: ID card type selected: AADHAR
[2024-11-10 12:41:58,604: INFO: app]: Header set for Aadhar Card registration.
[2024-11-10 12:41:58,637: INFO: app]: Face image loaded.
[2024-11-10 12:41:58,663: INFO: app]: ID card image loaded.
[2024-11-10 12:41:58,669: INFO: preprocess]: contours are found at, (0, 0, 1163, 723)
[2024-11-10 12:41:58,669: INFO: utils]: File exists at C:\Users\gulsy\OneDrive\Desktop\E-KYC\E-KYC-\data\02_intermediate_data\contour_id.jpg
[2024-11-10 12:41:58,697: INFO: app]: ID card ROI extracted.
[2024-11-10 12:41:58,698: INFO: face_verification]: Extracting face...
[2024-11-10 12:41:59,158: INFO: face_verification]: Extracted face saved at: C:\Users\gulsy\OneDrive\Desktop\E-KYC\E-KYC-\data\02_intermediate_data\extracted_face.jpg
[2024-11-10 12:41:59,163: INFO: utils]: File exists at data\02_intermediate_data\face_image.jpg
[2024-11-10 12:41:59,226: INFO: preprocess]: Image saved successfully: data\02_intermediate_data\face_image.jpg
[2024-11-10 12:41:59,227: INFO: app]: Faces extracted and saved.
[2024-11-10 12:41:59,227: INFO: face_verification]: Verifying the images....
[2024-11-10 12:41:59,227: INFO: utils]: File exists at data\02_intermediate_data\face_image.jpg
[2024-11-10 12:41:59,227: INFO: utils]: File exists at C:\Users\gulsy\OneDrive\Desktop\E-KYC\E-KYC-\data\02_intermediate_data\extracted_face.jpg
[2024-11-10 12:42:02,623: INFO: face_verification]: Faces are verified as the same person
[2024-11-10 12:42:02,623: INFO: app]: Face verification status: successful.
[2024-11-10 12:42:02,623: INFO: ocr_engine]: Text Extraction Started...
[2024-11-10 12:42:02,624: WARNING: easyocr]: Neither CUDA nor MPS are available - defaulting to CPU. Note: This module is much faster with a GPU.
[2024-11-10 12:42:06,665: INFO: ocr_engine]: Inside Try-Catch...
[2024-11-10 12:42:08,310: INFO: app]: Page layout set to wider configuration.
[2024-11-10 12:42:08,311: INFO: app]: Custom theme applied to Streamlit app.
[2024-11-10 12:42:08,314: INFO: app]: ID card type selected: AADHAR
[2024-11-10 12:42:08,315: INFO: app]: Header set for Aadhar Card registration.
[2024-11-10 12:42:08,446: INFO: app]: Face image loaded.
[2024-11-10 12:42:08,472: INFO: app]: ID card image loaded.
[2024-11-10 12:42:08,577: INFO: preprocess]: contours are found at, (0, 0, 1280, 817)
[2024-11-10 12:42:08,577: INFO: utils]: File exists at C:\Users\gulsy\OneDrive\Desktop\E-KYC\E-KYC-\data\02_intermediate_data\contour_id.jpg
[2024-11-10 12:42:08,700: INFO: app]: ID card ROI extracted.
[2024-11-10 12:42:08,700: INFO: face_verification]: Extracting face...
[2024-11-10 12:42:10,166: INFO: face_verification]: Extracted face saved at: C:\Users\gulsy\OneDrive\Desktop\E-KYC\E-KYC-\data\02_intermediate_data\extracted_face.jpg
[2024-11-10 12:42:10,173: INFO: utils]: File exists at data\02_intermediate_data\face_image.jpg
[2024-11-10 12:42:10,308: INFO: preprocess]: Image saved successfully: data\02_intermediate_data\face_image.jpg
[2024-11-10 12:42:10,308: INFO: app]: Faces extracted and saved.
[2024-11-10 12:42:10,308: INFO: face_verification]: Verifying the images....
[2024-11-10 12:42:10,308: INFO: utils]: File exists at data\02_intermediate_data\face_image.jpg
[2024-11-10 12:42:10,308: INFO: utils]: File exists at C:\Users\gulsy\OneDrive\Desktop\E-KYC\E-KYC-\data\02_intermediate_data\extracted_face.jpg
[2024-11-10 12:42:19,075: INFO: face_verification]: Faces are verified as the same person
[2024-11-10 12:42:19,075: INFO: app]: Face verification status: successful.
[2024-11-10 12:42:19,076: INFO: ocr_engine]: Text Extraction Started...
[2024-11-10 12:42:19,076: WARNING: easyocr]: Neither CUDA nor MPS are available - defaulting to CPU. Note: This module is much faster with a GPU.
[2024-11-10 12:42:29,084: INFO: ocr_engine]: Inside Try-Catch...
[2024-11-10 12:42:30,420: INFO: app]: Page layout set to wider configuration.
[2024-11-10 12:42:30,421: INFO: app]: Custom theme applied to Streamlit app.
[2024-11-10 12:42:30,427: INFO: app]: ID card type selected: AADHAR
[2024-11-10 12:42:30,427: INFO: app]: Header set for Aadhar Card registration.
[2024-11-10 12:42:30,458: INFO: app]: Face image loaded.
[2024-11-10 12:42:30,710: INFO: app]: ID card image loaded.
[2024-11-10 12:42:30,721: INFO: preprocess]: contours are found at, (0, 0, 1280, 817)
[2024-11-10 12:42:30,721: INFO: utils]: File exists at C:\Users\gulsy\OneDrive\Desktop\E-KYC\E-KYC-\data\02_intermediate_data\contour_id.jpg
[2024-11-10 12:42:30,939: INFO: app]: ID card ROI extracted.
[2024-11-10 12:42:30,939: INFO: face_verification]: Extracting face...
[2024-11-10 12:42:34,173: INFO: face_verification]: Extracted face saved at: C:\Users\gulsy\OneDrive\Desktop\E-KYC\E-KYC-\data\02_intermediate_data\extracted_face.jpg
[2024-11-10 12:42:34,179: INFO: utils]: File exists at data\02_intermediate_data\face_image.jpg
[2024-11-10 12:42:34,309: INFO: preprocess]: Image saved successfully: data\02_intermediate_data\face_image.jpg
[2024-11-10 12:42:34,341: INFO: app]: Faces extracted and saved.
[2024-11-10 12:42:34,341: INFO: face_verification]: Verifying the images....
[2024-11-10 12:42:34,341: INFO: utils]: File exists at data\02_intermediate_data\face_image.jpg
[2024-11-10 12:42:34,342: INFO: utils]: File exists at C:\Users\gulsy\OneDrive\Desktop\E-KYC\E-KYC-\data\02_intermediate_data\extracted_face.jpg
[2024-11-10 12:42:44,038: INFO: face_verification]: Faces are verified as the same person
[2024-11-10 12:42:44,038: INFO: app]: Face verification status: successful.
[2024-11-10 12:42:44,038: INFO: ocr_engine]: Text Extraction Started...
[2024-11-10 12:42:44,038: WARNING: easyocr]: Neither CUDA nor MPS are available - defaulting to CPU. Note: This module is much faster with a GPU.
[2024-11-10 12:42:46,090: INFO: ocr_engine]: Inside Try-Catch...
[2024-11-10 12:42:46,544: INFO: ocr_engine]: Extracted Text: |fetrT|HRT|INCOME TAX DEPARTMENT|GOVT OF INDIA|Permanent Account Number Card|LRIPK7739J|YASH KUMAR KASHYAP|GAURI SHANKAR NISHAD|12022022|Date ol Birth|10/04/2003|
[2024-11-10 12:42:46,544: INFO: app]: Text extracted and information parsed from ID card.
[2024-11-10 12:42:46,544: INFO: sql_connection]: No records found.
[2024-11-10 12:42:46,561: INFO: sql_connection]: No records found.
[2024-11-10 12:42:46,561: INFO: sql_connection]: No duplicate records found.
[2024-11-10 12:42:46,561: INFO: face_verification]: Retrieving face embeddings from image: data\02_intermediate_data\face_image.jpg
[2024-11-10 12:42:46,562: INFO: utils]: File exists at data\02_intermediate_data\face_image.jpg
[2024-11-10 12:42:47,342: INFO: ocr_engine]: Extracted Text: |Government of India|Yash Kumar Kashyap|1|ffu/DOB: 10/04/2003|5q/ MALE|8|4731 3102 3709|VID : 9119 5757 3234 3764|TrT|31rurt ,|TT|98 JTTT|
[2024-11-10 12:42:47,342: INFO: app]: Text extracted and information parsed from ID card.
[2024-11-10 12:42:47,349: INFO: sql_connection]: No records found.
[2024-11-10 12:42:47,349: INFO: sql_connection]: No records found.
[2024-11-10 12:42:47,349: INFO: sql_connection]: No duplicate records found.
[2024-11-10 12:42:47,349: INFO: face_verification]: Retrieving face embeddings from image: data\02_intermediate_data\face_image.jpg
[2024-11-10 12:42:47,349: INFO: utils]: File exists at data\02_intermediate_data\face_image.jpg
[2024-11-10 12:42:47,842: INFO: face_verification]: Face embeddings retrieved successfully
[2024-11-10 12:42:47,857: INFO: sql_connection]: Inserted records successfully into aadhar table.
[2024-11-10 12:42:47,857: INFO: app]: New user record inserted: cd372fb85148700fa88095e3492d3f9f5beb43e555e5ff26d95f5a6adc36f8e6
[2024-11-10 12:42:48,692: INFO: face_verification]: Face embeddings retrieved successfully
[2024-11-10 12:42:48,706: INFO: sql_connection]: Inserted records successfully into aadhar table.
[2024-11-10 12:42:48,706: INFO: app]: New user record inserted: 1c17bb0fd9135e1ccee3089ab7f8769644af1cb5f2c450bb13e7d942ce7857a3
[2024-11-10 12:42:53,607: INFO: ocr_engine]: Extracted Text: |Government of India|Yash Kumar Kashyap|1|ffu/DOB: 10/04/2003|5q/ MALE|8|4731 3102 3709|VID : 9119 5757 3234 3764|TrT|31rurt ,|TT|98 JTTT|
[2024-11-10 12:42:53,610: INFO: app]: Text extracted and information parsed from ID card.
[2024-11-10 12:42:53,610: INFO: sql_connection]: No records found.
[2024-11-10 12:42:53,612: INFO: sql_connection]: No records found.
[2024-11-10 12:42:53,612: INFO: sql_connection]: No duplicate records found.
[2024-11-10 12:42:53,613: INFO: face_verification]: Retrieving face embeddings from image: data\02_intermediate_data\face_image.jpg
[2024-11-10 12:42:53,613: INFO: utils]: File exists at data\02_intermediate_data\face_image.jpg
[2024-11-10 12:42:57,311: INFO: face_verification]: Face embeddings retrieved successfully
[2024-11-10 12:42:57,313: ERROR: sql_connection]: Error inserting records into aadhar table: 1062 (23000): Duplicate entry '1c17bb0fd9135e1ccee3089ab7f8769644af1cb5f2c450bb13e7d942ce7857a3' for key 'aadhar.PRIMARY'
[2024-11-10 12:42:57,313: INFO: app]: New user record inserted: 1c17bb0fd9135e1ccee3089ab7f8769644af1cb5f2c450bb13e7d942ce7857a3
[2024-11-10 13:02:16,529: INFO: utils]: yaml  file: config.yaml loaded successfully
[2024-11-10 13:02:16,545: INFO: utils]: yaml  file: config.yaml loaded successfully
[2024-11-10 13:02:16,577: INFO: face_verification]: Extracting face...
[2024-11-10 13:02:17,519: INFO: face_verification]: Extracted face saved at: C:\Users\gulsy\OneDrive\Desktop\E-KYC\E-KYC-\data\02_intermediate_data\extracted_face.jpg
[2024-11-10 13:02:17,566: INFO: sql_connection]: Connection established with database
[2024-11-10 13:02:17,582: INFO: app]: Page layout set to wider configuration.
[2024-11-10 13:02:17,582: INFO: app]: Custom theme applied to Streamlit app.
[2024-11-10 13:02:17,582: INFO: app]: ID card type selected: PAN
[2024-11-10 13:02:17,582: INFO: app]: Header set for PAN Card registration.
[2024-11-10 13:02:24,160: INFO: app]: Page layout set to wider configuration.
[2024-11-10 13:02:24,161: INFO: app]: Custom theme applied to Streamlit app.
[2024-11-10 13:02:24,161: INFO: app]: ID card type selected: PAN
[2024-11-10 13:02:24,162: INFO: app]: Header set for PAN Card registration.
[2024-11-10 13:02:24,162: INFO: preprocess]: Error reading image: 'NoneType' object has no attribute 'read'
[2024-11-10 13:02:24,163: INFO: app]: Face image loaded.
[2024-11-10 13:02:24,163: ERROR: app]: No face image uploaded.
[2024-11-10 13:02:35,495: INFO: app]: Page layout set to wider configuration.
[2024-11-10 13:02:35,495: INFO: app]: Custom theme applied to Streamlit app.
[2024-11-10 13:02:35,497: INFO: app]: ID card type selected: PAN
[2024-11-10 13:02:35,498: INFO: app]: Header set for PAN Card registration.
[2024-11-10 13:02:35,526: INFO: app]: Face image loaded.
[2024-11-10 13:02:35,541: INFO: app]: ID card image loaded.
[2024-11-10 13:02:35,548: INFO: preprocess]: contours are found at, (0, 0, 1163, 723)
[2024-11-10 13:02:35,548: INFO: utils]: File exists at C:\Users\gulsy\OneDrive\Desktop\E-KYC\E-KYC-\data\02_intermediate_data\contour_id.jpg
[2024-11-10 13:02:35,571: INFO: app]: ID card ROI extracted.
[2024-11-10 13:02:35,571: INFO: face_verification]: Extracting face...
[2024-11-10 13:02:35,772: INFO: face_verification]: Extracted face saved at: C:\Users\gulsy\OneDrive\Desktop\E-KYC\E-KYC-\data\02_intermediate_data\extracted_face.jpg
[2024-11-10 13:02:35,778: INFO: utils]: File exists at data\02_intermediate_data\face_image.jpg
[2024-11-10 13:02:35,832: INFO: preprocess]: Image saved successfully: data\02_intermediate_data\face_image.jpg
[2024-11-10 13:02:35,832: INFO: app]: Faces extracted and saved.
[2024-11-10 13:02:35,832: INFO: face_verification]: Verifying the images....
[2024-11-10 13:02:35,832: INFO: utils]: File exists at data\02_intermediate_data\face_image.jpg
[2024-11-10 13:02:35,832: INFO: utils]: File exists at C:\Users\gulsy\OneDrive\Desktop\E-KYC\E-KYC-\data\02_intermediate_data\extracted_face.jpg
[2024-11-10 13:02:38,660: INFO: face_verification]: Faces are not verified as the same person
[2024-11-10 13:02:38,660: INFO: app]: Face verification status: failed.
[2024-11-10 13:03:16,367: INFO: app]: Page layout set to wider configuration.
[2024-11-10 13:03:16,368: INFO: app]: Custom theme applied to Streamlit app.
[2024-11-10 13:03:16,369: INFO: app]: ID card type selected: PAN
[2024-11-10 13:03:16,370: INFO: app]: Header set for PAN Card registration.
[2024-11-10 13:03:16,398: INFO: app]: Face image loaded.
[2024-11-10 13:03:16,400: INFO: preprocess]: Failed to read image: UploadedFile(file_id='b9501860-f131-47fa-a306-d789a8a94dec', name='Eadhar.pdf', type='application/pdf', size=948228, _file_urls=file_id: "b9501860-f131-47fa-a306-d789a8a94dec"
upload_url: "/_stcore/upload_file/c1cb804d-7aad-4500-b51a-baac033d85a3/b9501860-f131-47fa-a306-d789a8a94dec"
delete_url: "/_stcore/upload_file/c1cb804d-7aad-4500-b51a-baac033d85a3/b9501860-f131-47fa-a306-d789a8a94dec"
)
[2024-11-10 13:03:16,400: INFO: preprocess]: Error reading image: Failed to read image: UploadedFile(file_id='b9501860-f131-47fa-a306-d789a8a94dec', name='Eadhar.pdf', type='application/pdf', size=948228, _file_urls=file_id: "b9501860-f131-47fa-a306-d789a8a94dec"
upload_url: "/_stcore/upload_file/c1cb804d-7aad-4500-b51a-baac033d85a3/b9501860-f131-47fa-a306-d789a8a94dec"
delete_url: "/_stcore/upload_file/c1cb804d-7aad-4500-b51a-baac033d85a3/b9501860-f131-47fa-a306-d789a8a94dec"
)
[2024-11-10 13:03:16,401: INFO: app]: ID card image loaded.
[2024-11-10 13:06:50,009: INFO: app]: Page layout set to wider configuration.
[2024-11-10 13:06:50,009: INFO: app]: Custom theme applied to Streamlit app.
[2024-11-10 13:06:50,011: INFO: app]: ID card type selected: AADHAR
[2024-11-10 13:06:50,012: INFO: app]: Header set for Aadhar Card registration.
[2024-11-10 13:06:50,027: INFO: app]: Face image loaded.
[2024-11-10 13:06:50,027: INFO: preprocess]: Failed to read image: UploadedFile(file_id='b9501860-f131-47fa-a306-d789a8a94dec', name='Eadhar.pdf', type='application/pdf', size=948228, _file_urls=file_id: "b9501860-f131-47fa-a306-d789a8a94dec"
upload_url: "/_stcore/upload_file/c1cb804d-7aad-4500-b51a-baac033d85a3/b9501860-f131-47fa-a306-d789a8a94dec"
delete_url: "/_stcore/upload_file/c1cb804d-7aad-4500-b51a-baac033d85a3/b9501860-f131-47fa-a306-d789a8a94dec"
)
[2024-11-10 13:06:50,027: INFO: preprocess]: Error reading image: Failed to read image: UploadedFile(file_id='b9501860-f131-47fa-a306-d789a8a94dec', name='Eadhar.pdf', type='application/pdf', size=948228, _file_urls=file_id: "b9501860-f131-47fa-a306-d789a8a94dec"
upload_url: "/_stcore/upload_file/c1cb804d-7aad-4500-b51a-baac033d85a3/b9501860-f131-47fa-a306-d789a8a94dec"
delete_url: "/_stcore/upload_file/c1cb804d-7aad-4500-b51a-baac033d85a3/b9501860-f131-47fa-a306-d789a8a94dec"
)
[2024-11-10 13:06:50,027: INFO: app]: ID card image loaded.
[2024-11-10 13:06:59,904: INFO: app]: Page layout set to wider configuration.
[2024-11-10 13:06:59,905: INFO: app]: Custom theme applied to Streamlit app.
[2024-11-10 13:06:59,906: INFO: app]: ID card type selected: AADHAR
[2024-11-10 13:06:59,907: INFO: app]: Header set for Aadhar Card registration.
[2024-11-10 13:06:59,935: INFO: app]: Face image loaded.
[2024-11-10 13:06:59,952: INFO: app]: ID card image loaded.
[2024-11-10 13:06:59,959: INFO: preprocess]: contours are found at, (0, 0, 1280, 891)
[2024-11-10 13:06:59,959: INFO: utils]: File exists at C:\Users\gulsy\OneDrive\Desktop\E-KYC\E-KYC-\data\02_intermediate_data\contour_id.jpg
[2024-11-10 13:06:59,977: INFO: app]: ID card ROI extracted.
[2024-11-10 13:06:59,977: INFO: face_verification]: Extracting face...
[2024-11-10 13:07:00,146: INFO: face_verification]: Extracted face saved at: C:\Users\gulsy\OneDrive\Desktop\E-KYC\E-KYC-\data\02_intermediate_data\extracted_face.jpg
[2024-11-10 13:07:00,151: INFO: utils]: File exists at data\02_intermediate_data\face_image.jpg
[2024-11-10 13:07:00,207: INFO: preprocess]: Image saved successfully: data\02_intermediate_data\face_image.jpg
[2024-11-10 13:07:00,207: INFO: app]: Faces extracted and saved.
[2024-11-10 13:07:00,207: INFO: face_verification]: Verifying the images....
[2024-11-10 13:07:00,208: INFO: utils]: File exists at data\02_intermediate_data\face_image.jpg
[2024-11-10 13:07:00,208: INFO: utils]: File exists at C:\Users\gulsy\OneDrive\Desktop\E-KYC\E-KYC-\data\02_intermediate_data\extracted_face.jpg
[2024-11-10 13:07:01,635: INFO: face_verification]: Faces are verified as the same person
[2024-11-10 13:07:01,635: INFO: app]: Face verification status: successful.
[2024-11-10 13:07:01,635: INFO: ocr_engine]: Text Extraction Started...
[2024-11-10 13:07:01,636: WARNING: easyocr]: Neither CUDA nor MPS are available - defaulting to CPU. Note: This module is much faster with a GPU.
[2024-11-10 13:07:04,336: INFO: ocr_engine]: Inside Try-Catch...
[2024-11-10 13:07:07,047: INFO: app]: Page layout set to wider configuration.
[2024-11-10 13:07:07,048: INFO: app]: Custom theme applied to Streamlit app.
[2024-11-10 13:07:07,134: INFO: app]: ID card type selected: AADHAR
[2024-11-10 13:07:07,135: INFO: app]: Header set for Aadhar Card registration.
[2024-11-10 13:07:07,191: INFO: app]: Face image loaded.
[2024-11-10 13:07:07,216: INFO: app]: ID card image loaded.
[2024-11-10 13:07:07,256: INFO: preprocess]: contours are found at, (0, 0, 1280, 891)
[2024-11-10 13:07:07,256: INFO: utils]: File exists at C:\Users\gulsy\OneDrive\Desktop\E-KYC\E-KYC-\data\02_intermediate_data\contour_id.jpg
[2024-11-10 13:07:07,282: INFO: app]: ID card ROI extracted.
[2024-11-10 13:07:07,282: INFO: face_verification]: Extracting face...
[2024-11-10 13:07:07,789: INFO: face_verification]: Extracted face saved at: C:\Users\gulsy\OneDrive\Desktop\E-KYC\E-KYC-\data\02_intermediate_data\extracted_face.jpg
[2024-11-10 13:07:07,798: INFO: utils]: File exists at data\02_intermediate_data\face_image.jpg
[2024-11-10 13:07:07,890: INFO: preprocess]: Image saved successfully: data\02_intermediate_data\face_image.jpg
[2024-11-10 13:07:07,890: INFO: app]: Faces extracted and saved.
[2024-11-10 13:07:07,890: INFO: face_verification]: Verifying the images....
[2024-11-10 13:07:07,891: INFO: utils]: File exists at data\02_intermediate_data\face_image.jpg
[2024-11-10 13:07:07,891: INFO: utils]: File exists at C:\Users\gulsy\OneDrive\Desktop\E-KYC\E-KYC-\data\02_intermediate_data\extracted_face.jpg
[2024-11-10 13:07:12,022: INFO: face_verification]: Faces are verified as the same person
[2024-11-10 13:07:12,022: INFO: app]: Face verification status: successful.
[2024-11-10 13:07:12,022: INFO: ocr_engine]: Text Extraction Started...
[2024-11-10 13:07:12,022: WARNING: easyocr]: Neither CUDA nor MPS are available - defaulting to CPU. Note: This module is much faster with a GPU.
[2024-11-10 13:07:17,678: INFO: ocr_engine]: Inside Try-Catch...
[2024-11-10 13:07:27,012: INFO: ocr_engine]: Extracted Text: |Government of India|Kishan Yadav|5|1|MALE|8624 1107 3876|MD|9101 9556.6672 6954|TT|gal|
[2024-11-10 13:07:27,015: INFO: app]: Text extracted and information parsed from ID card.
[2024-11-10 13:07:27,019: INFO: sql_connection]: No records found.
[2024-11-10 13:07:27,021: INFO: sql_connection]: No records found.
[2024-11-10 13:07:27,021: INFO: sql_connection]: No duplicate records found.
[2024-11-10 13:07:28,184: INFO: ocr_engine]: Extracted Text: |Government of India|Kishan Yadav|5|1|MALE|8624 1107 3876|MD|9101 9556.6672 6954|TT|gal|
[2024-11-10 13:07:28,186: INFO: app]: Text extracted and information parsed from ID card.
[2024-11-10 13:07:28,195: INFO: sql_connection]: No records found.
[2024-11-10 13:07:28,196: INFO: sql_connection]: No records found.
[2024-11-10 13:07:28,197: INFO: sql_connection]: No duplicate records found.
[2024-11-10 13:08:41,731: INFO: app]: Page layout set to wider configuration.
[2024-11-10 13:08:41,732: INFO: app]: Custom theme applied to Streamlit app.
[2024-11-10 13:08:41,735: INFO: app]: ID card type selected: PAN
[2024-11-10 13:08:41,735: INFO: app]: Header set for PAN Card registration.
[2024-11-10 13:08:44,647: INFO: app]: Page layout set to wider configuration.
[2024-11-10 13:08:44,647: INFO: app]: Custom theme applied to Streamlit app.
[2024-11-10 13:08:44,649: INFO: app]: ID card type selected: AADHAR
[2024-11-10 13:08:44,650: INFO: app]: Header set for Aadhar Card registration.
[2024-11-10 13:08:54,154: INFO: app]: Page layout set to wider configuration.
[2024-11-10 13:08:54,154: INFO: app]: Custom theme applied to Streamlit app.
[2024-11-10 13:08:54,156: INFO: app]: ID card type selected: AADHAR
[2024-11-10 13:08:54,157: INFO: app]: Header set for Aadhar Card registration.
[2024-11-10 13:08:54,158: INFO: preprocess]: Error reading image: 'NoneType' object has no attribute 'read'
[2024-11-10 13:08:54,158: INFO: app]: Face image loaded.
[2024-11-10 13:08:54,158: ERROR: app]: No face image uploaded.
[2024-11-10 13:08:58,107: INFO: app]: Page layout set to wider configuration.
[2024-11-10 13:08:58,107: INFO: app]: Custom theme applied to Streamlit app.
[2024-11-10 13:08:58,109: INFO: app]: ID card type selected: AADHAR
[2024-11-10 13:08:58,111: INFO: app]: Header set for Aadhar Card registration.
[2024-11-10 13:08:58,120: INFO: app]: Face image loaded.
[2024-11-10 13:08:58,138: INFO: app]: ID card image loaded.
[2024-11-10 13:08:58,146: INFO: preprocess]: contours are found at, (0, 0, 1280, 877)
[2024-11-10 13:08:58,146: INFO: utils]: File exists at C:\Users\gulsy\OneDrive\Desktop\E-KYC\E-KYC-\data\02_intermediate_data\contour_id.jpg
[2024-11-10 13:08:58,165: INFO: app]: ID card ROI extracted.
[2024-11-10 13:08:58,165: INFO: face_verification]: Extracting face...
[2024-11-10 13:08:58,369: INFO: face_verification]: Extracted face saved at: C:\Users\gulsy\OneDrive\Desktop\E-KYC\E-KYC-\data\02_intermediate_data\extracted_face.jpg
[2024-11-10 13:08:58,375: INFO: utils]: File exists at data\02_intermediate_data\face_image.jpg
[2024-11-10 13:08:58,389: INFO: preprocess]: Image saved successfully: data\02_intermediate_data\face_image.jpg
[2024-11-10 13:08:58,389: INFO: app]: Faces extracted and saved.
[2024-11-10 13:08:58,389: INFO: face_verification]: Verifying the images....
[2024-11-10 13:08:58,389: INFO: utils]: File exists at data\02_intermediate_data\face_image.jpg
[2024-11-10 13:08:58,389: INFO: utils]: File exists at C:\Users\gulsy\OneDrive\Desktop\E-KYC\E-KYC-\data\02_intermediate_data\extracted_face.jpg
[2024-11-10 13:08:59,412: INFO: face_verification]: Faces are verified as the same person
[2024-11-10 13:08:59,412: INFO: app]: Face verification status: successful.
[2024-11-10 13:08:59,412: INFO: ocr_engine]: Text Extraction Started...
[2024-11-10 13:08:59,413: WARNING: easyocr]: Neither CUDA nor MPS are available - defaulting to CPU. Note: This module is much faster with a GPU.
[2024-11-10 13:09:02,195: INFO: ocr_engine]: Inside Try-Catch...
[2024-11-10 13:09:12,452: INFO: ocr_engine]: Extracted Text: |Government of India|Shobhit|DOB|15/01/2003|59|Male|8568|7502|0614|
[2024-11-10 13:09:12,459: INFO: app]: Text extracted and information parsed from ID card.
[2024-11-10 13:09:12,461: INFO: sql_connection]: No records found.
[2024-11-10 13:09:12,462: INFO: sql_connection]: No records found.
[2024-11-10 13:09:12,463: INFO: sql_connection]: No duplicate records found.
[2024-11-10 13:09:12,463: INFO: face_verification]: Retrieving face embeddings from image: data\02_intermediate_data\face_image.jpg
[2024-11-10 13:09:12,463: INFO: utils]: File exists at data\02_intermediate_data\face_image.jpg
[2024-11-10 13:09:13,514: INFO: face_verification]: Face embeddings retrieved successfully
[2024-11-10 13:09:13,518: ERROR: sql_connection]: Error inserting records into aadhar table: 1062 (23000): Duplicate entry 'cd372fb85148700fa88095e3492d3f9f5beb43e555e5ff26d95f5a6adc36f8e6' for key 'aadhar.PRIMARY'
[2024-11-10 13:09:13,518: INFO: app]: New user record inserted: cd372fb85148700fa88095e3492d3f9f5beb43e555e5ff26d95f5a6adc36f8e6
[2024-11-10 13:12:22,662: INFO: app]: Page layout set to wider configuration.
[2024-11-10 13:12:22,662: INFO: app]: Custom theme applied to Streamlit app.
[2024-11-10 13:12:22,664: INFO: app]: ID card type selected: PAN
[2024-11-10 13:12:22,666: INFO: app]: Header set for PAN Card registration.
[2024-11-10 13:12:28,982: INFO: app]: Page layout set to wider configuration.
[2024-11-10 13:12:28,983: INFO: app]: Custom theme applied to Streamlit app.
[2024-11-10 13:12:28,992: INFO: app]: ID card type selected: PAN
[2024-11-10 13:12:28,993: INFO: app]: Header set for PAN Card registration.
[2024-11-10 13:12:28,994: INFO: preprocess]: Error reading image: 'NoneType' object has no attribute 'read'
[2024-11-10 13:12:28,995: INFO: app]: Face image loaded.
[2024-11-10 13:12:28,997: ERROR: app]: No face image uploaded.
[2024-11-10 13:12:33,895: INFO: app]: Page layout set to wider configuration.
[2024-11-10 13:12:33,896: INFO: app]: Custom theme applied to Streamlit app.
[2024-11-10 13:12:33,899: INFO: app]: ID card type selected: AADHAR
[2024-11-10 13:12:33,899: INFO: app]: Header set for Aadhar Card registration.
[2024-11-10 13:12:33,900: INFO: preprocess]: Error reading image: 'NoneType' object has no attribute 'read'
[2024-11-10 13:12:33,901: INFO: app]: Face image loaded.
[2024-11-10 13:12:33,902: ERROR: app]: No face image uploaded.
[2024-11-10 13:12:39,863: INFO: app]: Page layout set to wider configuration.
[2024-11-10 13:12:39,863: INFO: app]: Custom theme applied to Streamlit app.
[2024-11-10 13:12:39,865: INFO: app]: ID card type selected: AADHAR
[2024-11-10 13:12:39,865: INFO: app]: Header set for Aadhar Card registration.
[2024-11-10 13:12:39,866: INFO: preprocess]: Error reading image: 'NoneType' object has no attribute 'read'
[2024-11-10 13:12:39,867: INFO: app]: Face image loaded.
[2024-11-10 13:12:39,868: ERROR: app]: No face image uploaded.
[2024-11-10 13:12:59,214: INFO: app]: Page layout set to wider configuration.
[2024-11-10 13:12:59,214: INFO: app]: Custom theme applied to Streamlit app.
[2024-11-10 13:12:59,215: INFO: app]: ID card type selected: AADHAR
[2024-11-10 13:12:59,217: INFO: app]: Header set for Aadhar Card registration.
[2024-11-10 13:12:59,239: INFO: app]: Face image loaded.
[2024-11-10 13:12:59,256: INFO: app]: ID card image loaded.
[2024-11-10 13:12:59,264: INFO: preprocess]: contours are found at, (0, 0, 1280, 759)
[2024-11-10 13:12:59,264: INFO: utils]: File exists at C:\Users\gulsy\OneDrive\Desktop\E-KYC\E-KYC-\data\02_intermediate_data\contour_id.jpg
[2024-11-10 13:12:59,284: INFO: app]: ID card ROI extracted.
[2024-11-10 13:12:59,284: INFO: face_verification]: Extracting face...
[2024-11-10 13:12:59,414: INFO: face_verification]: Extracted face saved at: C:\Users\gulsy\OneDrive\Desktop\E-KYC\E-KYC-\data\02_intermediate_data\extracted_face.jpg
[2024-11-10 13:12:59,417: INFO: utils]: File exists at data\02_intermediate_data\face_image.jpg
[2024-11-10 13:12:59,453: INFO: preprocess]: Image saved successfully: data\02_intermediate_data\face_image.jpg
[2024-11-10 13:12:59,453: INFO: app]: Faces extracted and saved.
[2024-11-10 13:12:59,453: INFO: face_verification]: Verifying the images....
[2024-11-10 13:12:59,453: INFO: utils]: File exists at data\02_intermediate_data\face_image.jpg
[2024-11-10 13:12:59,453: INFO: utils]: File exists at C:\Users\gulsy\OneDrive\Desktop\E-KYC\E-KYC-\data\02_intermediate_data\extracted_face.jpg
[2024-11-10 13:13:01,003: INFO: face_verification]: Faces are not verified as the same person
[2024-11-10 13:13:01,003: INFO: app]: Face verification status: failed.
[2024-11-10 13:13:27,150: INFO: app]: Page layout set to wider configuration.
[2024-11-10 13:13:27,150: INFO: app]: Custom theme applied to Streamlit app.
[2024-11-10 13:13:27,152: INFO: app]: ID card type selected: AADHAR
[2024-11-10 13:13:27,152: INFO: app]: Header set for Aadhar Card registration.
[2024-11-10 13:13:27,177: INFO: app]: Face image loaded.
[2024-11-10 13:13:27,195: INFO: app]: ID card image loaded.
[2024-11-10 13:13:27,201: INFO: preprocess]: contours are found at, (0, 0, 1280, 759)
[2024-11-10 13:13:27,201: INFO: utils]: File exists at C:\Users\gulsy\OneDrive\Desktop\E-KYC\E-KYC-\data\02_intermediate_data\contour_id.jpg
[2024-11-10 13:13:27,217: INFO: app]: ID card ROI extracted.
[2024-11-10 13:13:27,217: INFO: face_verification]: Extracting face...
[2024-11-10 13:13:27,346: INFO: face_verification]: Extracted face saved at: C:\Users\gulsy\OneDrive\Desktop\E-KYC\E-KYC-\data\02_intermediate_data\extracted_face.jpg
[2024-11-10 13:13:27,350: INFO: utils]: File exists at data\02_intermediate_data\face_image.jpg
[2024-11-10 13:13:27,388: INFO: preprocess]: Image saved successfully: data\02_intermediate_data\face_image.jpg
[2024-11-10 13:13:27,389: INFO: app]: Faces extracted and saved.
[2024-11-10 13:13:27,389: INFO: face_verification]: Verifying the images....
[2024-11-10 13:13:27,389: INFO: utils]: File exists at data\02_intermediate_data\face_image.jpg
[2024-11-10 13:13:27,389: INFO: utils]: File exists at C:\Users\gulsy\OneDrive\Desktop\E-KYC\E-KYC-\data\02_intermediate_data\extracted_face.jpg
[2024-11-10 13:13:28,635: INFO: face_verification]: Faces are verified as the same person
[2024-11-10 13:13:28,636: INFO: app]: Face verification status: successful.
[2024-11-10 13:13:28,636: INFO: ocr_engine]: Text Extraction Started...
[2024-11-10 13:13:28,636: WARNING: easyocr]: Neither CUDA nor MPS are available - defaulting to CPU. Note: This module is much faster with a GPU.
[2024-11-10 13:13:31,132: INFO: ocr_engine]: Inside Try-Catch...
[2024-11-10 13:13:40,053: INFO: ocr_engine]: Extracted Text: |Government of India|Kishan Yadav|1|ftDOB: 1401/2004|9a/ MALE|3|!|8624 1107 3876|Md|9101 9556 6672 6954|
[2024-11-10 13:13:40,054: INFO: app]: Text extracted and information parsed from ID card.
[2024-11-10 13:13:40,056: INFO: sql_connection]: No records found.
[2024-11-10 13:13:40,057: INFO: sql_connection]: No records found.
[2024-11-10 13:13:40,058: INFO: sql_connection]: No duplicate records found.
[2024-11-10 13:19:04,906: INFO: app]: Page layout set to wider configuration.
[2024-11-10 13:19:04,907: INFO: app]: Custom theme applied to Streamlit app.
[2024-11-10 13:19:04,910: INFO: app]: ID card type selected: PAN
[2024-11-10 13:19:04,911: INFO: app]: Header set for PAN Card registration.
[2024-11-10 13:19:04,940: INFO: app]: Face image loaded.
[2024-11-10 13:19:04,955: INFO: app]: ID card image loaded.
[2024-11-10 13:19:04,962: INFO: preprocess]: contours are found at, (0, 0, 1280, 759)
[2024-11-10 13:19:04,962: INFO: utils]: File exists at C:\Users\gulsy\OneDrive\Desktop\E-KYC\E-KYC-\data\02_intermediate_data\contour_id.jpg
[2024-11-10 13:19:04,978: INFO: app]: ID card ROI extracted.
[2024-11-10 13:19:04,978: INFO: face_verification]: Extracting face...
[2024-11-10 13:19:05,115: INFO: face_verification]: Extracted face saved at: C:\Users\gulsy\OneDrive\Desktop\E-KYC\E-KYC-\data\02_intermediate_data\extracted_face.jpg
[2024-11-10 13:19:05,118: INFO: utils]: File exists at data\02_intermediate_data\face_image.jpg
[2024-11-10 13:19:05,163: INFO: preprocess]: Image saved successfully: data\02_intermediate_data\face_image.jpg
[2024-11-10 13:19:05,163: INFO: app]: Faces extracted and saved.
[2024-11-10 13:19:05,164: INFO: face_verification]: Verifying the images....
[2024-11-10 13:19:05,164: INFO: utils]: File exists at data\02_intermediate_data\face_image.jpg
[2024-11-10 13:19:05,164: INFO: utils]: File exists at C:\Users\gulsy\OneDrive\Desktop\E-KYC\E-KYC-\data\02_intermediate_data\extracted_face.jpg
[2024-11-10 13:19:06,493: INFO: face_verification]: Faces are verified as the same person
[2024-11-10 13:19:06,493: INFO: app]: Face verification status: successful.
[2024-11-10 13:19:06,493: INFO: ocr_engine]: Text Extraction Started...
[2024-11-10 13:19:06,493: WARNING: easyocr]: Neither CUDA nor MPS are available - defaulting to CPU. Note: This module is much faster with a GPU.
[2024-11-10 13:19:09,299: INFO: ocr_engine]: Inside Try-Catch...
[2024-11-10 13:19:18,106: INFO: ocr_engine]: Extracted Text: |Government of India|Kishan Yadav|1|ftDOB: 1401/2004|9a/ MALE|3|!|8624 1107 3876|Md|9101 9556 6672 6954|
[2024-11-10 13:19:18,109: INFO: app]: Text extracted and information parsed from ID card.
[2024-11-10 13:19:18,118: INFO: sql_connection]: No records found.
[2024-11-10 13:19:18,120: INFO: sql_connection]: No records found.
[2024-11-10 13:19:18,121: INFO: sql_connection]: No duplicate records found.
[2024-11-10 13:19:32,243: INFO: app]: Page layout set to wider configuration.
[2024-11-10 13:19:32,243: INFO: app]: Custom theme applied to Streamlit app.
[2024-11-10 13:19:32,245: INFO: app]: ID card type selected: PAN
[2024-11-10 13:19:32,246: INFO: app]: Header set for PAN Card registration.
[2024-11-10 13:19:32,267: INFO: app]: Face image loaded.
[2024-11-10 13:19:32,273: INFO: app]: ID card image loaded.
[2024-11-10 13:19:32,277: INFO: preprocess]: contours are found at, (0, 0, 672, 413)
[2024-11-10 13:19:32,277: INFO: utils]: File exists at C:\Users\gulsy\OneDrive\Desktop\E-KYC\E-KYC-\data\02_intermediate_data\contour_id.jpg
[2024-11-10 13:19:32,295: INFO: app]: ID card ROI extracted.
[2024-11-10 13:19:32,295: INFO: face_verification]: Extracting face...
[2024-11-10 13:19:32,385: INFO: face_verification]: Extracted face saved at: C:\Users\gulsy\OneDrive\Desktop\E-KYC\E-KYC-\data\02_intermediate_data\extracted_face.jpg
[2024-11-10 13:19:32,386: INFO: utils]: File exists at data\02_intermediate_data\face_image.jpg
[2024-11-10 13:19:32,426: INFO: preprocess]: Image saved successfully: data\02_intermediate_data\face_image.jpg
[2024-11-10 13:19:32,426: INFO: app]: Faces extracted and saved.
[2024-11-10 13:19:32,426: INFO: face_verification]: Verifying the images....
[2024-11-10 13:19:32,426: INFO: utils]: File exists at data\02_intermediate_data\face_image.jpg
[2024-11-10 13:19:32,427: INFO: utils]: File exists at C:\Users\gulsy\OneDrive\Desktop\E-KYC\E-KYC-\data\02_intermediate_data\extracted_face.jpg
[2024-11-10 13:19:33,629: INFO: face_verification]: Faces are not verified as the same person
[2024-11-10 13:19:33,629: INFO: app]: Face verification status: failed.
[2024-11-10 13:19:36,735: INFO: app]: Page layout set to wider configuration.
[2024-11-10 13:19:36,735: INFO: app]: Custom theme applied to Streamlit app.
[2024-11-10 13:19:36,737: INFO: app]: ID card type selected: PAN
[2024-11-10 13:19:36,737: INFO: app]: Header set for PAN Card registration.
[2024-11-10 13:19:36,749: INFO: app]: Face image loaded.
[2024-11-10 13:19:36,755: INFO: app]: ID card image loaded.
[2024-11-10 13:19:36,758: INFO: preprocess]: contours are found at, (0, 0, 672, 413)
[2024-11-10 13:19:36,758: INFO: utils]: File exists at C:\Users\gulsy\OneDrive\Desktop\E-KYC\E-KYC-\data\02_intermediate_data\contour_id.jpg
[2024-11-10 13:19:36,765: INFO: app]: ID card ROI extracted.
[2024-11-10 13:19:36,765: INFO: face_verification]: Extracting face...
[2024-11-10 13:19:36,861: INFO: face_verification]: Extracted face saved at: C:\Users\gulsy\OneDrive\Desktop\E-KYC\E-KYC-\data\02_intermediate_data\extracted_face.jpg
[2024-11-10 13:19:36,863: INFO: utils]: File exists at data\02_intermediate_data\face_image.jpg
[2024-11-10 13:19:36,875: INFO: preprocess]: Image saved successfully: data\02_intermediate_data\face_image.jpg
[2024-11-10 13:19:36,875: INFO: app]: Faces extracted and saved.
[2024-11-10 13:19:36,876: INFO: face_verification]: Verifying the images....
[2024-11-10 13:19:36,876: INFO: utils]: File exists at data\02_intermediate_data\face_image.jpg
[2024-11-10 13:19:36,876: INFO: utils]: File exists at C:\Users\gulsy\OneDrive\Desktop\E-KYC\E-KYC-\data\02_intermediate_data\extracted_face.jpg
[2024-11-10 13:19:37,739: INFO: face_verification]: Faces are verified as the same person
[2024-11-10 13:19:37,739: INFO: app]: Face verification status: successful.
[2024-11-10 13:19:37,739: INFO: ocr_engine]: Text Extraction Started...
[2024-11-10 13:19:37,740: WARNING: easyocr]: Neither CUDA nor MPS are available - defaulting to CPU. Note: This module is much faster with a GPU.
[2024-11-10 13:19:40,253: INFO: ocr_engine]: Inside Try-Catch...
[2024-11-10 13:19:44,263: INFO: ocr_engine]: Extracted Text: |34r|HRT|Trer|INCOME TAX DEPARTMENT|GOVT OF INDIA|Permanent Account Number Card|OiHPS8968C|7M / Name|SHOBHIT|Father's Name|ISHWAR CHAND|Date of Birth|15/01/2003|
[2024-11-10 13:19:44,264: INFO: app]: Text extracted and information parsed from ID card.
[2024-11-10 13:19:44,266: INFO: sql_connection]: No records found.
[2024-11-10 13:19:44,267: INFO: sql_connection]: No records found.
[2024-11-10 13:19:44,267: INFO: sql_connection]: No duplicate records found.
[2024-11-10 13:19:44,267: INFO: face_verification]: Retrieving face embeddings from image: data\02_intermediate_data\face_image.jpg
[2024-11-10 13:19:44,268: INFO: utils]: File exists at data\02_intermediate_data\face_image.jpg
[2024-11-10 13:19:45,475: INFO: face_verification]: Face embeddings retrieved successfully
[2024-11-10 13:19:45,490: INFO: sql_connection]: Inserted records successfully into users table.
[2024-11-10 13:19:45,490: INFO: app]: New user record inserted: 2346650a118659a15a58aa5061502494b1f202b8fc65ec7c1b75d546a5174a28
[2024-11-10 13:20:22,474: INFO: app]: Page layout set to wider configuration.
[2024-11-10 13:20:22,474: INFO: app]: Custom theme applied to Streamlit app.
[2024-11-10 13:20:22,475: INFO: app]: ID card type selected: PAN
[2024-11-10 13:20:22,478: INFO: app]: Header set for PAN Card registration.
[2024-11-10 13:22:41,427: INFO: app]: Page layout set to wider configuration.
[2024-11-10 13:22:41,428: INFO: app]: Custom theme applied to Streamlit app.
[2024-11-10 13:22:41,430: INFO: app]: ID card type selected: PAN
[2024-11-10 13:22:41,430: INFO: app]: Header set for PAN Card registration.
[2024-11-10 13:22:53,925: INFO: utils]: yaml  file: config.yaml loaded successfully
[2024-11-10 13:23:15,679: WARNING: module_wrapper]: From C:\Users\gulsy\OneDrive\Desktop\E-KYC\E-KYC-\.venv\Lib\site-packages\tf_keras\src\losses.py:2976: The name tf.losses.sparse_softmax_cross_entropy is deprecated. Please use tf.compat.v1.losses.sparse_softmax_cross_entropy instead.

[2024-11-10 13:23:17,281: INFO: utils]: yaml  file: config.yaml loaded successfully
[2024-11-10 13:23:17,345: INFO: face_verification]: Extracting face...
[2024-11-10 13:23:18,639: INFO: face_verification]: Extracted face saved at: C:\Users\gulsy\OneDrive\Desktop\E-KYC\E-KYC-\data\02_intermediate_data\extracted_face.jpg
[2024-11-10 13:23:18,819: INFO: sql_connection]: Connection established with database
[2024-11-10 13:23:19,261: INFO: app]: Page layout set to wider configuration.
[2024-11-10 13:23:19,263: INFO: app]: Custom theme applied to Streamlit app.
[2024-11-10 13:23:19,268: INFO: app]: ID card type selected: PAN
[2024-11-10 13:23:19,270: INFO: app]: Header set for PAN Card registration.
[2024-11-10 13:23:27,567: INFO: app]: Page layout set to wider configuration.
[2024-11-10 13:23:27,567: INFO: app]: Custom theme applied to Streamlit app.
[2024-11-10 13:23:27,569: INFO: app]: ID card type selected: PAN
[2024-11-10 13:23:27,569: INFO: app]: Header set for PAN Card registration.
[2024-11-10 13:23:27,570: INFO: preprocess]: Error reading image: 'NoneType' object has no attribute 'read'
[2024-11-10 13:23:27,571: INFO: app]: Face image loaded.
[2024-11-10 13:23:27,571: ERROR: app]: No face image uploaded.
[2024-11-10 13:23:32,032: INFO: app]: Page layout set to wider configuration.
[2024-11-10 13:23:32,032: INFO: app]: Custom theme applied to Streamlit app.
[2024-11-10 13:23:32,034: INFO: app]: ID card type selected: PAN
[2024-11-10 13:23:32,035: INFO: app]: Header set for PAN Card registration.
[2024-11-10 13:23:32,045: INFO: app]: Face image loaded.
[2024-11-10 13:23:32,052: INFO: app]: ID card image loaded.
[2024-11-10 13:23:32,054: INFO: preprocess]: contours are found at, (0, 0, 672, 413)
[2024-11-10 13:23:32,054: INFO: utils]: File exists at C:\Users\gulsy\OneDrive\Desktop\E-KYC\E-KYC-\data\02_intermediate_data\contour_id.jpg
[2024-11-10 13:23:32,062: INFO: app]: ID card ROI extracted.
[2024-11-10 13:23:32,062: INFO: face_verification]: Extracting face...
[2024-11-10 13:23:32,155: INFO: face_verification]: Extracted face saved at: C:\Users\gulsy\OneDrive\Desktop\E-KYC\E-KYC-\data\02_intermediate_data\extracted_face.jpg
[2024-11-10 13:23:32,158: INFO: utils]: File exists at data\02_intermediate_data\face_image.jpg
[2024-11-10 13:23:32,171: INFO: preprocess]: Image saved successfully: data\02_intermediate_data\face_image.jpg
[2024-11-10 13:23:32,171: INFO: app]: Faces extracted and saved.
[2024-11-10 13:23:32,171: INFO: face_verification]: Verifying the images....
[2024-11-10 13:23:32,171: INFO: utils]: File exists at data\02_intermediate_data\face_image.jpg
[2024-11-10 13:23:32,171: INFO: utils]: File exists at C:\Users\gulsy\OneDrive\Desktop\E-KYC\E-KYC-\data\02_intermediate_data\extracted_face.jpg
[2024-11-10 13:23:34,963: INFO: face_verification]: Faces are verified as the same person
[2024-11-10 13:23:34,963: INFO: app]: Face verification status: successful.
[2024-11-10 13:23:34,964: INFO: ocr_engine]: Text Extraction Started...
[2024-11-10 13:23:34,965: WARNING: easyocr]: Neither CUDA nor MPS are available - defaulting to CPU. Note: This module is much faster with a GPU.
[2024-11-10 13:23:38,818: INFO: ocr_engine]: Inside Try-Catch...
[2024-11-10 13:23:42,960: INFO: ocr_engine]: Extracted Text: |34r|HRT|Trer|INCOME TAX DEPARTMENT|GOVT OF INDIA|Permanent Account Number Card|OiHPS8968C|7M / Name|SHOBHIT|Father's Name|ISHWAR CHAND|Date of Birth|15/01/2003|
[2024-11-10 13:23:42,963: INFO: app]: Text extracted and information parsed from ID card.
[2024-11-10 13:23:42,973: INFO: sql_connection]: No records found.
[2024-11-10 13:23:42,976: INFO: sql_connection]: No records found.
[2024-11-10 13:23:42,976: INFO: sql_connection]: No duplicate records found.
[2024-11-10 13:23:42,977: INFO: face_verification]: Retrieving face embeddings from image: data\02_intermediate_data\face_image.jpg
[2024-11-10 13:23:42,978: INFO: utils]: File exists at data\02_intermediate_data\face_image.jpg
[2024-11-10 13:23:49,867: INFO: face_verification]: Face embeddings retrieved successfully
[2024-11-10 13:23:49,873: ERROR: sql_connection]: Error inserting records into users table: 1062 (23000): Duplicate entry '2346650a118659a15a58aa5061502494b1f202b8fc65ec7c1b75d546a5174a28' for key 'users.PRIMARY'
[2024-11-10 13:23:49,874: INFO: app]: New user record inserted: 2346650a118659a15a58aa5061502494b1f202b8fc65ec7c1b75d546a5174a28
[2024-11-10 13:26:57,573: INFO: utils]: yaml  file: config.yaml loaded successfully
[2024-11-10 13:26:57,581: INFO: utils]: yaml  file: config.yaml loaded successfully
[2024-11-10 13:26:57,616: INFO: face_verification]: Extracting face...
[2024-11-10 13:26:57,923: INFO: face_verification]: Extracted face saved at: C:\Users\gulsy\OneDrive\Desktop\E-KYC\E-KYC-\data\02_intermediate_data\extracted_face.jpg
[2024-11-10 13:26:57,945: INFO: sql_connection]: Connection established with database
[2024-11-10 13:26:57,949: INFO: app]: Page layout set to wider configuration.
[2024-11-10 13:26:57,949: INFO: app]: Custom theme applied to Streamlit app.
[2024-11-10 13:26:57,950: INFO: app]: ID card type selected: PAN
[2024-11-10 13:26:57,950: INFO: app]: Header set for PAN Card registration.
[2024-11-10 13:26:57,970: INFO: app]: Face image loaded.
[2024-11-10 13:26:57,987: INFO: app]: ID card image loaded.
[2024-11-10 13:26:57,991: INFO: preprocess]: contours are found at, (0, 0, 1163, 723)
[2024-11-10 13:26:57,992: INFO: utils]: File exists at C:\Users\gulsy\OneDrive\Desktop\E-KYC\E-KYC-\data\02_intermediate_data\contour_id.jpg
[2024-11-10 13:26:58,012: INFO: app]: ID card ROI extracted.
[2024-11-10 13:26:58,012: INFO: face_verification]: Extracting face...
[2024-11-10 13:26:58,208: INFO: face_verification]: Extracted face saved at: C:\Users\gulsy\OneDrive\Desktop\E-KYC\E-KYC-\data\02_intermediate_data\extracted_face.jpg
[2024-11-10 13:26:58,214: INFO: utils]: File exists at data\02_intermediate_data\face_image.jpg
[2024-11-10 13:26:58,231: INFO: preprocess]: Image saved successfully: data\02_intermediate_data\face_image.jpg
[2024-11-10 13:26:58,231: INFO: app]: Faces extracted and saved.
[2024-11-10 13:26:58,231: INFO: face_verification]: Verifying the images....
[2024-11-10 13:26:58,232: INFO: utils]: File exists at data\02_intermediate_data\face_image.jpg
[2024-11-10 13:26:58,232: INFO: utils]: File exists at C:\Users\gulsy\OneDrive\Desktop\E-KYC\E-KYC-\data\02_intermediate_data\extracted_face.jpg
[2024-11-10 13:27:00,012: INFO: face_verification]: Faces are not verified as the same person
[2024-11-10 13:27:00,013: INFO: app]: Face verification status: failed.
[2024-11-10 13:27:02,300: INFO: app]: Page layout set to wider configuration.
[2024-11-10 13:27:02,300: INFO: app]: Custom theme applied to Streamlit app.
[2024-11-10 13:27:02,302: INFO: app]: ID card type selected: PAN
[2024-11-10 13:27:02,302: INFO: app]: Header set for PAN Card registration.
[2024-11-10 13:27:02,322: INFO: app]: Face image loaded.
[2024-11-10 13:27:02,342: INFO: app]: ID card image loaded.
[2024-11-10 13:27:02,347: INFO: preprocess]: contours are found at, (0, 0, 1163, 723)
[2024-11-10 13:27:02,347: INFO: utils]: File exists at C:\Users\gulsy\OneDrive\Desktop\E-KYC\E-KYC-\data\02_intermediate_data\contour_id.jpg
[2024-11-10 13:27:02,362: INFO: app]: ID card ROI extracted.
[2024-11-10 13:27:02,362: INFO: face_verification]: Extracting face...
[2024-11-10 13:27:02,569: INFO: face_verification]: Extracted face saved at: C:\Users\gulsy\OneDrive\Desktop\E-KYC\E-KYC-\data\02_intermediate_data\extracted_face.jpg
[2024-11-10 13:27:02,573: INFO: utils]: File exists at data\02_intermediate_data\face_image.jpg
[2024-11-10 13:27:02,612: INFO: preprocess]: Image saved successfully: data\02_intermediate_data\face_image.jpg
[2024-11-10 13:27:02,612: INFO: app]: Faces extracted and saved.
[2024-11-10 13:27:02,612: INFO: face_verification]: Verifying the images....
[2024-11-10 13:27:02,612: INFO: utils]: File exists at data\02_intermediate_data\face_image.jpg
[2024-11-10 13:27:02,613: INFO: utils]: File exists at C:\Users\gulsy\OneDrive\Desktop\E-KYC\E-KYC-\data\02_intermediate_data\extracted_face.jpg
[2024-11-10 13:27:04,351: INFO: face_verification]: Faces are verified as the same person
[2024-11-10 13:27:04,351: INFO: app]: Face verification status: successful.
[2024-11-10 13:27:04,351: INFO: ocr_engine]: Text Extraction Started...
[2024-11-10 13:27:04,352: WARNING: easyocr]: Neither CUDA nor MPS are available - defaulting to CPU. Note: This module is much faster with a GPU.
[2024-11-10 13:27:06,907: INFO: ocr_engine]: Inside Try-Catch...
[2024-11-10 13:27:15,309: INFO: ocr_engine]: Extracted Text: |fetrT|HRT|INCOME TAX DEPARTMENT|GOVT OF INDIA|Permanent Account Number Card|LRIPK7739J|YASH KUMAR KASHYAP|GAURI SHANKAR NISHAD|12022022|Date ol Birth|10/04/2003|
[2024-11-10 13:27:15,311: INFO: app]: Text extracted and information parsed from ID card.
[2024-11-10 13:27:15,317: INFO: sql_connection]: No records found.
[2024-11-10 13:27:15,318: INFO: sql_connection]: No records found.
[2024-11-10 13:27:15,319: INFO: sql_connection]: No duplicate records found.
[2024-11-10 13:27:15,319: INFO: face_verification]: Retrieving face embeddings from image: data\02_intermediate_data\face_image.jpg
[2024-11-10 13:27:15,319: INFO: utils]: File exists at data\02_intermediate_data\face_image.jpg
[2024-11-10 13:27:17,569: INFO: face_verification]: Face embeddings retrieved successfully
[2024-11-10 13:27:17,578: ERROR: sql_connection]: Error inserting records into users table: 1062 (23000): Duplicate entry '6878a41cffdbe1e17a130a421e8a5592e52046159cf6a1284122cb038e36fc55' for key 'users.PRIMARY'
[2024-11-10 13:27:17,578: INFO: app]: New user record inserted: 6878a41cffdbe1e17a130a421e8a5592e52046159cf6a1284122cb038e36fc55
[2024-11-10 23:41:23,397: INFO: utils]: yaml  file: config.yaml loaded successfully
[2024-11-10 23:41:58,563: WARNING: module_wrapper]: From C:\Users\gulsy\OneDrive\Desktop\E-KYC\E-KYC-\.venv\Lib\site-packages\tf_keras\src\losses.py:2976: The name tf.losses.sparse_softmax_cross_entropy is deprecated. Please use tf.compat.v1.losses.sparse_softmax_cross_entropy instead.

[2024-11-10 23:42:00,023: INFO: utils]: yaml  file: config.yaml loaded successfully
[2024-11-10 23:42:00,089: INFO: face_verification]: Extracting face...
[2024-11-10 23:42:01,663: INFO: face_verification]: Extracted face saved at: C:\Users\gulsy\OneDrive\Desktop\E-KYC\E-KYC-\data\02_intermediate_data\extracted_face.jpg
[2024-11-10 23:42:02,065: INFO: sql_connection]: Connection established with database
[2024-11-10 23:42:02,914: INFO: app]: Page layout set to wider configuration.
[2024-11-10 23:42:02,915: INFO: app]: Custom theme applied to Streamlit app.
[2024-11-10 23:42:02,924: INFO: app]: ID card type selected: PAN
[2024-11-10 23:42:02,925: INFO: app]: Header set for PAN Card registration.
[2024-11-10 23:42:20,092: INFO: app]: Page layout set to wider configuration.
[2024-11-10 23:42:20,093: INFO: app]: Custom theme applied to Streamlit app.
[2024-11-10 23:42:20,096: INFO: app]: ID card type selected: PAN
[2024-11-10 23:42:20,097: INFO: app]: Header set for PAN Card registration.
[2024-11-10 23:42:20,099: INFO: preprocess]: Error reading image: 'NoneType' object has no attribute 'read'
[2024-11-10 23:42:20,100: INFO: app]: Face image loaded.
[2024-11-10 23:42:20,101: ERROR: app]: No face image uploaded.
[2024-11-10 23:42:23,464: INFO: app]: Page layout set to wider configuration.
[2024-11-10 23:42:23,465: INFO: app]: Custom theme applied to Streamlit app.
[2024-11-10 23:42:23,467: INFO: app]: ID card type selected: PAN
[2024-11-10 23:42:23,468: INFO: app]: Header set for PAN Card registration.
[2024-11-10 23:42:23,502: INFO: app]: Face image loaded.
[2024-11-10 23:42:23,524: INFO: app]: ID card image loaded.
[2024-11-10 23:42:23,543: INFO: preprocess]: contours are found at, (0, 0, 1163, 723)
[2024-11-10 23:42:23,544: INFO: utils]: File exists at C:\Users\gulsy\OneDrive\Desktop\E-KYC\E-KYC-\data\02_intermediate_data\contour_id.jpg
[2024-11-10 23:42:23,568: INFO: app]: ID card ROI extracted.
[2024-11-10 23:42:23,569: INFO: face_verification]: Extracting face...
[2024-11-10 23:42:23,945: INFO: face_verification]: Extracted face saved at: C:\Users\gulsy\OneDrive\Desktop\E-KYC\E-KYC-\data\02_intermediate_data\extracted_face.jpg
[2024-11-10 23:42:23,952: INFO: utils]: File exists at data\02_intermediate_data\face_image.jpg
[2024-11-10 23:42:23,996: INFO: preprocess]: Image saved successfully: data\02_intermediate_data\face_image.jpg
[2024-11-10 23:42:23,996: INFO: app]: Faces extracted and saved.
[2024-11-10 23:42:23,996: INFO: face_verification]: Verifying the images....
[2024-11-10 23:42:23,996: INFO: utils]: File exists at data\02_intermediate_data\face_image.jpg
[2024-11-10 23:42:23,997: INFO: utils]: File exists at C:\Users\gulsy\OneDrive\Desktop\E-KYC\E-KYC-\data\02_intermediate_data\extracted_face.jpg
[2024-11-10 23:42:30,883: INFO: face_verification]: Faces are verified as the same person
[2024-11-10 23:42:30,883: INFO: app]: Face verification status: successful.
[2024-11-10 23:42:30,883: INFO: ocr_engine]: Text Extraction Started...
[2024-11-10 23:42:30,884: WARNING: easyocr]: Neither CUDA nor MPS are available - defaulting to CPU. Note: This module is much faster with a GPU.
[2024-11-10 23:42:35,365: INFO: ocr_engine]: Inside Try-Catch...
[2024-11-10 23:42:45,030: INFO: ocr_engine]: Extracted Text: |fetrT|HRT|INCOME TAX DEPARTMENT|GOVT OF INDIA|Permanent Account Number Card|LRIPK7739J|YASH KUMAR KASHYAP|GAURI SHANKAR NISHAD|12022022|Date ol Birth|10/04/2003|
[2024-11-10 23:42:45,037: INFO: app]: Text extracted and information parsed from ID card.
[2024-11-10 23:42:45,054: INFO: sql_connection]: No records found.
[2024-11-10 23:42:45,088: INFO: sql_connection]: No records found.
[2024-11-10 23:42:45,089: INFO: sql_connection]: No duplicate records found.
[2024-11-10 23:42:45,090: INFO: face_verification]: Retrieving face embeddings from image: data\02_intermediate_data\face_image.jpg
[2024-11-10 23:42:45,090: INFO: utils]: File exists at data\02_intermediate_data\face_image.jpg
[2024-11-10 23:42:53,107: INFO: face_verification]: Face embeddings retrieved successfully
[2024-11-10 23:42:53,117: ERROR: sql_connection]: Error inserting records into users table: 1062 (23000): Duplicate entry '6878a41cffdbe1e17a130a421e8a5592e52046159cf6a1284122cb038e36fc55' for key 'users.PRIMARY'
[2024-11-10 23:42:53,119: INFO: app]: New user record inserted: 6878a41cffdbe1e17a130a421e8a5592e52046159cf6a1284122cb038e36fc55
